<?xml version="1.0" encoding="UTF-8" ?>
<testsuites disabled="0" errors="0" failures="72" tests="200" time="559.359">
 <testsuite name="Hybrent Login Module" timestamp="2019-11-25T14:04:22" hostname="localhost" time="23.12" errors="0" tests="3" skipped="0" disabled="0" failures="0">
  <testcase classname="Hybrent Login Module" name="Login: Try login without any credentials." time="11.338" />
  <testcase classname="Hybrent Login Module" name="Login: Try login with wrong credentials." time="3.582" />
  <testcase classname="Hybrent Login Module" name="Login: Try login with correct credentials." time="8.2" />
 </testsuite>
 <testsuite name="Dashboard test cases" timestamp="2019-11-25T14:04:45" hostname="localhost" time="30.571" errors="0" tests="11" skipped="0" disabled="0" failures="1">
  <testcase classname="Dashboard test cases" name="Verify that System gets redirected to Profile page when user clicks on Profile link" time="4.67" />
  <testcase classname="Dashboard test cases" name="Verify that system gets redirected to NOTIFICATION SETTINGS page when user clicks on Notification settings button" time="2.338" />
  <testcase classname="Dashboard test cases" name="Verify that System gets redirected to Alerts page when user clicks on Alerts link" time="2.363" />
  <testcase classname="Dashboard test cases" name="Verify that System gets redirected to &quot;Survey&quot; page when user clicks on &quot;Survey&quot; link." time="1.062" />
  <testcase classname="Dashboard test cases" name="Verify that System gets redirected to &quot;Change Password&quot; page when user clicks on &quot; Change Password&quot; link" time="3.128" />
  <testcase classname="Dashboard test cases" name="Verify that Notification icon  appears on top of page." time="0.554" />
  <testcase classname="Dashboard test cases" name="Verify that Notification icon  appears on top of page." time="0.065" />
  <testcase classname="Dashboard test cases" name="Verify that user gets redirected to “My Notifications” page, on clicking “View All” button" time="2.797" />
  <testcase classname="Dashboard test cases" name="Verify that user gets redirected to corresponding Report on clicking View More Reports button" time="1.651" />
  <testcase classname="Dashboard test cases" name="Verify that relevant data appears under Monthly Purchase Order Value, Number of Backorders and Vendor Performance sections" time="4.561" />
  <testcase classname="Dashboard test cases" name="Verify that “Recent Orders” and “News &amp; Events” sections appear on Page." time="7.38">
   <failure type="toEqual" message="Expected &apos;Dashboard&apos; to equal &apos;Purchase Order&apos;."><![CDATA[Error: Failed expectation
    at F:\protractor\Hybrent3.1\Testcases\Dashboard\dashboard.js:178:36
    at ManagedPromise.invokeCallback_ (C:\Users\sandy\AppData\Roaming\npm\node_modules\protractor\node_modules\selenium-webdriver\lib\promise.js:1376:14)
    at TaskQueue.execute_ (C:\Users\sandy\AppData\Roaming\npm\node_modules\protractor\node_modules\selenium-webdriver\lib\promise.js:3084:14)
    at TaskQueue.executeNext_ (C:\Users\sandy\AppData\Roaming\npm\node_modules\protractor\node_modules\selenium-webdriver\lib\promise.js:3067:27)
    at asyncRun (C:\Users\sandy\AppData\Roaming\npm\node_modules\protractor\node_modules\selenium-webdriver\lib\promise.js:2927:27)
    at C:\Users\sandy\AppData\Roaming\npm\node_modules\protractor\node_modules\selenium-webdriver\lib\promise.js:668:7
    at process._tickCallback (internal/process/next_tick.js:68:7)]]>
   </failure>
  </testcase>
 </testsuite>
 <testsuite name="user default facility" timestamp="2019-11-25T14:05:16" hostname="localhost" time="0.927" errors="0" tests="1" skipped="0" disabled="0" failures="0">
  <testcase classname="user default facility" name="user default facility is" time="0.926" />
 </testsuite>
 <testsuite name="Hybrent Item Catalog Module" timestamp="2019-11-25T14:05:17" hostname="localhost" time="56.068" errors="0" tests="10" skipped="0" disabled="0" failures="2">
  <testcase classname="Hybrent Item Catalog Module" name="Item Catalog page should open" time="1.619" />
  <testcase classname="Hybrent Item Catalog Module" name="List page should display list of items and IC filters" time="0.229" />
  <testcase classname="Hybrent Item Catalog Module" name="verify that all the status option appear under the status dropdown" time="0.136" />
  <testcase classname="Hybrent Item Catalog Module" name="verify that Both, Inventory Item, Non-inventoryitem option appear under the type dropdown" time="0.111" />
  <testcase classname="Hybrent Item Catalog Module" name="verify all category option appear under the category dropdown" time="0.554">
   <failure type="toEqual" message="Expected [ &apos;All Categories&apos;, &apos;Consulting&apos;, &apos;Equipment&apos;, &apos;Hardware&apos;, &apos;License&apos;, &apos;License &amp; Support 2018-212&apos;, &apos;License &amp; Support 2018-377&apos;, &apos;License &amp; Support 2019-424&apos;, &apos;License 2018-010&apos;, &apos;License 2018-223&apos;, &apos;License 2018-402&apos;, &apos;License 2018-440&apos;, &apos;License 2018-502&apos;, &apos;License 2018-741&apos;, &apos;LICENSING &amp; SUPPORT / 2018-454&apos;, &apos;Maintenance &amp; Support&apos;, &apos;Maintenance &amp; Support  2018-405&apos;, &apos;Maintenance &amp; Support  2018-408&apos;, &apos;Maintenance &amp; Support 2018-404&apos;, &apos;Maintenance &amp; Support 2018-446&apos;, &apos;Maintenance &amp; Support 2018-452&apos;, &apos;Maintenance &amp; Support 2018-453&apos;, &apos;Maintenence &amp; Support  / # 2018-425&apos;, &apos;Service&apos;, &apos;Software&apos;, &apos;Software License and Support&apos;, &apos;Subscription&apos;, &apos;Yearly Support Renewal&apos; ] to equal &lt;jasmine.arrayContaining([ &apos;All Categories&apos;, &apos;Amenity&apos;, &apos;Crona11&apos;, &apos;hybrent technology&apos;, &apos;Service&apos;, &apos;Tester&apos; ])&gt;."><![CDATA[Error: Failed expectation
    at F:\protractor\Hybrent3.1\Testcases\ItemCatalog\Itemsection.js:76:24
    at ManagedPromise.invokeCallback_ (C:\Users\sandy\AppData\Roaming\npm\node_modules\protractor\node_modules\selenium-webdriver\lib\promise.js:1376:14)
    at TaskQueue.execute_ (C:\Users\sandy\AppData\Roaming\npm\node_modules\protractor\node_modules\selenium-webdriver\lib\promise.js:3084:14)
    at TaskQueue.executeNext_ (C:\Users\sandy\AppData\Roaming\npm\node_modules\protractor\node_modules\selenium-webdriver\lib\promise.js:3067:27)
    at asyncRun (C:\Users\sandy\AppData\Roaming\npm\node_modules\protractor\node_modules\selenium-webdriver\lib\promise.js:2927:27)
    at C:\Users\sandy\AppData\Roaming\npm\node_modules\protractor\node_modules\selenium-webdriver\lib\promise.js:668:7
    at process._tickCallback (internal/process/next_tick.js:68:7)]]>
   </failure>
  </testcase>
  <testcase classname="Hybrent Item Catalog Module" name="verify all ordering_type option appear under the ordering_type dropdown" time="0.457">
   <failure type="toEqual" message="Expected $.length = 6 to equal 8.
Expected $[1] = &apos;General&apos; to equal &apos;Amenity&apos;.
Expected $[2] = &apos;Service&apos; to equal &apos;General&apos;.
Expected $[3] = &apos;Free-Hand&apos; to equal &apos;Service&apos;.
Expected $[4] = &apos;Bill-Only&apos; to equal &apos;Free-Hand&apos;.
Expected $[5] = &apos;DME&apos; to equal &apos;Bill-Only&apos;.
Expected $[6] = undefined to equal &apos;DME&apos;.
Expected $[7] = undefined to equal &apos;KIT&apos;."><![CDATA[Error: Failed expectation
    at F:\protractor\Hybrent3.1\Testcases\ItemCatalog\Itemsection.js:86:24
    at ManagedPromise.invokeCallback_ (C:\Users\sandy\AppData\Roaming\npm\node_modules\protractor\node_modules\selenium-webdriver\lib\promise.js:1376:14)
    at TaskQueue.execute_ (C:\Users\sandy\AppData\Roaming\npm\node_modules\protractor\node_modules\selenium-webdriver\lib\promise.js:3084:14)
    at TaskQueue.executeNext_ (C:\Users\sandy\AppData\Roaming\npm\node_modules\protractor\node_modules\selenium-webdriver\lib\promise.js:3067:27)
    at asyncRun (C:\Users\sandy\AppData\Roaming\npm\node_modules\protractor\node_modules\selenium-webdriver\lib\promise.js:2927:27)
    at C:\Users\sandy\AppData\Roaming\npm\node_modules\protractor\node_modules\selenium-webdriver\lib\promise.js:668:7
    at process._tickCallback (internal/process/next_tick.js:68:7)]]>
   </failure>
  </testcase>
  <testcase classname="Hybrent Item Catalog Module" name="verify all consumption_type option appear under the consumption_type dropdown" time="0.486" />
  <testcase classname="Hybrent Item Catalog Module" name="Add General Item" time="18.067" />
  <testcase classname="Hybrent Item Catalog Module" name="Verify that &quot;Map Facility for item Sku --- pop up appears on the screen." time="11.178" />
  <testcase classname="Hybrent Item Catalog Module" name="Add Bill only Item" time="23.231" />
 </testsuite>
 <testsuite name="Hybrent Shop Module" timestamp="2019-11-25T14:06:13" hostname="localhost" time="9.008" errors="0" tests="5" skipped="0" disabled="0" failures="0">
  <testcase classname="Hybrent Shop Module" name="Verify that user default facility appear selected in shop page" time="3.394" />
  <testcase classname="Hybrent Shop Module" name="Verify that only General ACTIVE items are appearing on page and add them to cart" time="3.7" />
  <testcase classname="Hybrent Shop Module" name="Shop: Shows recently ordered items appear on page on selecting Recently ordered radio button" time="1.075" />
  <testcase classname="Hybrent Shop Module" name="Shop: Shows Most ordered items with Po count column sort descending if default layout is selected." time="0.67" />
  <testcase classname="Hybrent Shop Module" name="Shop: Shows all items that are marked as Favorite." time="0.169" />
 </testsuite>
 <testsuite name="Hybrent Cart Module" timestamp="2019-11-25T14:06:22" hostname="localhost" time="21.99" errors="0" tests="3" skipped="0" disabled="0" failures="0">
  <testcase classname="Hybrent Cart Module" name="Open cart page" time="1.953" />
  <testcase classname="Hybrent Cart Module" name="add item to cart" time="7.188" />
  <testcase classname="Hybrent Cart Module" name="Generate PO" time="12.849" />
 </testsuite>
 <testsuite name="Hybrent Order Module" timestamp="2019-11-25T14:06:44" hostname="localhost" time="27.288" errors="0" tests="7" skipped="0" disabled="0" failures="2">
  <testcase classname="Hybrent Order Module" name="Open order module" time="0.593" />
  <testcase classname="Hybrent Order Module" name="List page should display list of filters" time="2.333" />
  <testcase classname="Hybrent Order Module" name="Order list page search with PO# Found" time="6.754" />
  <testcase classname="Hybrent Order Module" name="open order detail page" time="0.084">
   <failure type="exception" message="Failed: No element found using locator: By(link text, PO_Num + randNumber)"><![CDATA[NoSuchElementError: No element found using locator: By(link text, PO_Num + randNumber)
    at elementArrayFinder.getWebElements.then (C:\Users\sandy\AppData\Roaming\npm\node_modules\protractor\built\element.js:814:27)
    at ManagedPromise.invokeCallback_ (C:\Users\sandy\AppData\Roaming\npm\node_modules\protractor\node_modules\selenium-webdriver\lib\promise.js:1376:14)
    at TaskQueue.execute_ (C:\Users\sandy\AppData\Roaming\npm\node_modules\protractor\node_modules\selenium-webdriver\lib\promise.js:3084:14)
    at TaskQueue.executeNext_ (C:\Users\sandy\AppData\Roaming\npm\node_modules\protractor\node_modules\selenium-webdriver\lib\promise.js:3067:27)
    at asyncRun (C:\Users\sandy\AppData\Roaming\npm\node_modules\protractor\node_modules\selenium-webdriver\lib\promise.js:2927:27)
    at C:\Users\sandy\AppData\Roaming\npm\node_modules\protractor\node_modules\selenium-webdriver\lib\promise.js:668:7
    at process._tickCallback (internal/process/next_tick.js:68:7)Error
    at ElementArrayFinder.applyAction_ (C:\Users\sandy\AppData\Roaming\npm\node_modules\protractor\built\element.js:459:27)
    at ElementArrayFinder.(anonymous function).args [as click] (C:\Users\sandy\AppData\Roaming\npm\node_modules\protractor\built\element.js:91:29)
    at ElementFinder.(anonymous function).args [as click] (C:\Users\sandy\AppData\Roaming\npm\node_modules\protractor\built\element.js:831:22)
    at UserContext.<anonymous> (F:\protractor\Hybrent3.1\Testcases\Order\order.js:32:49)
    at C:\Users\sandy\AppData\Roaming\npm\node_modules\protractor\node_modules\jasminewd2\index.js:112:25
    at new ManagedPromise (C:\Users\sandy\AppData\Roaming\npm\node_modules\protractor\node_modules\selenium-webdriver\lib\promise.js:1077:7)
    at ControlFlow.promise (C:\Users\sandy\AppData\Roaming\npm\node_modules\protractor\node_modules\selenium-webdriver\lib\promise.js:2505:12)
    at schedulerExecute (C:\Users\sandy\AppData\Roaming\npm\node_modules\protractor\node_modules\jasminewd2\index.js:95:18)
    at TaskQueue.execute_ (C:\Users\sandy\AppData\Roaming\npm\node_modules\protractor\node_modules\selenium-webdriver\lib\promise.js:3084:14)
    at TaskQueue.executeNext_ (C:\Users\sandy\AppData\Roaming\npm\node_modules\protractor\node_modules\selenium-webdriver\lib\promise.js:3067:27)
From: Task: Run it("open order detail page") in control flow
    at UserContext.<anonymous> (C:\Users\sandy\AppData\Roaming\npm\node_modules\protractor\node_modules\jasminewd2\index.js:94:19)
    at attempt (C:\Users\sandy\AppData\Roaming\npm\node_modules\protractor\node_modules\jasmine-core\lib\jasmine-core\jasmine.js:4297:26)
    at QueueRunner.run (C:\Users\sandy\AppData\Roaming\npm\node_modules\protractor\node_modules\jasmine-core\lib\jasmine-core\jasmine.js:4217:20)
    at runNext (C:\Users\sandy\AppData\Roaming\npm\node_modules\protractor\node_modules\jasmine-core\lib\jasmine-core\jasmine.js:4257:20)
    at C:\Users\sandy\AppData\Roaming\npm\node_modules\protractor\node_modules\jasmine-core\lib\jasmine-core\jasmine.js:4264:13
    at C:\Users\sandy\AppData\Roaming\npm\node_modules\protractor\node_modules\jasmine-core\lib\jasmine-core\jasmine.js:4172:9
    at C:\Users\sandy\AppData\Roaming\npm\node_modules\protractor\node_modules\jasminewd2\index.js:64:48
    at ControlFlow.emit (C:\Users\sandy\AppData\Roaming\npm\node_modules\protractor\node_modules\selenium-webdriver\lib\events.js:62:21)
    at ControlFlow.shutdown_ (C:\Users\sandy\AppData\Roaming\npm\node_modules\protractor\node_modules\selenium-webdriver\lib\promise.js:2674:10)
    at shutdownTask_.MicroTask (C:\Users\sandy\AppData\Roaming\npm\node_modules\protractor\node_modules\selenium-webdriver\lib\promise.js:2599:53)
From asynchronous test: 
Error
    at Suite.<anonymous> (F:\protractor\Hybrent3.1\Testcases\Order\order.js:31:3)
    at addSpecsToSuite (C:\Users\sandy\AppData\Roaming\npm\node_modules\protractor\node_modules\jasmine-core\lib\jasmine-core\jasmine.js:1107:25)
    at Env.describe (C:\Users\sandy\AppData\Roaming\npm\node_modules\protractor\node_modules\jasmine-core\lib\jasmine-core\jasmine.js:1074:7)
    at describe (C:\Users\sandy\AppData\Roaming\npm\node_modules\protractor\node_modules\jasmine-core\lib\jasmine-core\jasmine.js:4399:18)
    at Object.<anonymous> (F:\protractor\Hybrent3.1\Testcases\Order\order.js:1:1)
    at Module._compile (internal/modules/cjs/loader.js:778:30)
    at Object.Module._extensions..js (internal/modules/cjs/loader.js:789:10)
    at Module.load (internal/modules/cjs/loader.js:653:32)
    at tryModuleLoad (internal/modules/cjs/loader.js:593:12)]]>
   </failure>
  </testcase>
  <testcase classname="Hybrent Order Module" name="update item price on order detail page" time="2.415">
   <failure type="exception" message="Failed: No element found using locator: By(css selector, .a-link)"><![CDATA[NoSuchElementError: No element found using locator: By(css selector, .a-link)
    at elementArrayFinder.getWebElements.then (C:\Users\sandy\AppData\Roaming\npm\node_modules\protractor\built\element.js:814:27)
    at ManagedPromise.invokeCallback_ (C:\Users\sandy\AppData\Roaming\npm\node_modules\protractor\node_modules\selenium-webdriver\lib\promise.js:1376:14)
    at TaskQueue.execute_ (C:\Users\sandy\AppData\Roaming\npm\node_modules\protractor\node_modules\selenium-webdriver\lib\promise.js:3084:14)
    at TaskQueue.executeNext_ (C:\Users\sandy\AppData\Roaming\npm\node_modules\protractor\node_modules\selenium-webdriver\lib\promise.js:3067:27)
    at asyncRun (C:\Users\sandy\AppData\Roaming\npm\node_modules\protractor\node_modules\selenium-webdriver\lib\promise.js:2927:27)
    at C:\Users\sandy\AppData\Roaming\npm\node_modules\protractor\node_modules\selenium-webdriver\lib\promise.js:668:7
    at process._tickCallback (internal/process/next_tick.js:68:7)
From: Task: WebDriver.executeScript()
    at thenableWebDriverProxy.schedule (C:\Users\sandy\AppData\Roaming\npm\node_modules\protractor\node_modules\selenium-webdriver\lib\webdriver.js:807:17)
    at thenableWebDriverProxy.executeScript (C:\Users\sandy\AppData\Roaming\npm\node_modules\protractor\node_modules\selenium-webdriver\lib\webdriver.js:878:16)
    at run (C:\Users\sandy\AppData\Roaming\npm\node_modules\protractor\built\browser.js:59:33)
    at ProtractorBrowser.to.(anonymous function) [as executeScript] (C:\Users\sandy\AppData\Roaming\npm\node_modules\protractor\built\browser.js:67:16)
    at UserContext.<anonymous> (F:\protractor\Hybrent3.1\Testcases\Order\order.js:38:13)
    at C:\Users\sandy\AppData\Roaming\npm\node_modules\protractor\node_modules\jasminewd2\index.js:112:25
    at new ManagedPromise (C:\Users\sandy\AppData\Roaming\npm\node_modules\protractor\node_modules\selenium-webdriver\lib\promise.js:1077:7)
    at ControlFlow.promise (C:\Users\sandy\AppData\Roaming\npm\node_modules\protractor\node_modules\selenium-webdriver\lib\promise.js:2505:12)
    at schedulerExecute (C:\Users\sandy\AppData\Roaming\npm\node_modules\protractor\node_modules\jasminewd2\index.js:95:18)
    at TaskQueue.execute_ (C:\Users\sandy\AppData\Roaming\npm\node_modules\protractor\node_modules\selenium-webdriver\lib\promise.js:3084:14)
From: Task: Run it("update item price on order detail page") in control flow
    at UserContext.<anonymous> (C:\Users\sandy\AppData\Roaming\npm\node_modules\protractor\node_modules\jasminewd2\index.js:94:19)
    at attempt (C:\Users\sandy\AppData\Roaming\npm\node_modules\protractor\node_modules\jasmine-core\lib\jasmine-core\jasmine.js:4297:26)
    at QueueRunner.run (C:\Users\sandy\AppData\Roaming\npm\node_modules\protractor\node_modules\jasmine-core\lib\jasmine-core\jasmine.js:4217:20)
    at runNext (C:\Users\sandy\AppData\Roaming\npm\node_modules\protractor\node_modules\jasmine-core\lib\jasmine-core\jasmine.js:4257:20)
    at C:\Users\sandy\AppData\Roaming\npm\node_modules\protractor\node_modules\jasmine-core\lib\jasmine-core\jasmine.js:4264:13
    at C:\Users\sandy\AppData\Roaming\npm\node_modules\protractor\node_modules\jasmine-core\lib\jasmine-core\jasmine.js:4172:9
    at C:\Users\sandy\AppData\Roaming\npm\node_modules\protractor\node_modules\jasminewd2\index.js:64:48
    at ControlFlow.emit (C:\Users\sandy\AppData\Roaming\npm\node_modules\protractor\node_modules\selenium-webdriver\lib\events.js:62:21)
    at ControlFlow.shutdown_ (C:\Users\sandy\AppData\Roaming\npm\node_modules\protractor\node_modules\selenium-webdriver\lib\promise.js:2674:10)
    at shutdownTask_.MicroTask (C:\Users\sandy\AppData\Roaming\npm\node_modules\protractor\node_modules\selenium-webdriver\lib\promise.js:2599:53)
From asynchronous test: 
Error
    at Suite.<anonymous> (F:\protractor\Hybrent3.1\Testcases\Order\order.js:36:3)
    at addSpecsToSuite (C:\Users\sandy\AppData\Roaming\npm\node_modules\protractor\node_modules\jasmine-core\lib\jasmine-core\jasmine.js:1107:25)
    at Env.describe (C:\Users\sandy\AppData\Roaming\npm\node_modules\protractor\node_modules\jasmine-core\lib\jasmine-core\jasmine.js:1074:7)
    at describe (C:\Users\sandy\AppData\Roaming\npm\node_modules\protractor\node_modules\jasmine-core\lib\jasmine-core\jasmine.js:4399:18)
    at Object.<anonymous> (F:\protractor\Hybrent3.1\Testcases\Order\order.js:1:1)
    at Module._compile (internal/modules/cjs/loader.js:778:30)
    at Object.Module._extensions..js (internal/modules/cjs/loader.js:789:10)
    at Module.load (internal/modules/cjs/loader.js:653:32)
    at tryModuleLoad (internal/modules/cjs/loader.js:593:12)]]>
   </failure>
  </testcase>
  <testcase classname="Hybrent Order Module" name="verify that all option appears in Order drop down" time="2.357" />
  <testcase classname="Hybrent Order Module" name="add invoice for newly created order" time="12.751" />
 </testsuite>
 <testsuite name="Request service module" timestamp="2019-11-25T14:07:11" hostname="localhost" time="2.375" errors="0" tests="2" skipped="0" disabled="0" failures="0">
  <testcase classname="Request service module" name="Navigate to Request service module" time="2.25" />
  <testcase classname="Request service module" name="verify that all search filter should appear on request service module" time="0.125" />
 </testsuite>
 <testsuite name="Hybrent Receive Module" timestamp="2019-11-25T14:07:13" hostname="localhost" time="10.335" errors="0" tests="4" skipped="0" disabled="0" failures="0">
  <testcase classname="Hybrent Receive Module" name="Navigate to Receive module" time="3.675" />
  <testcase classname="Hybrent Receive Module" name="verify that all search filter appear on listing page" time="0.309" />
  <testcase classname="Hybrent Receive Module" name="verify that po search functionality is working fine" time="3.436" />
  <testcase classname="Hybrent Receive Module" name="verify that all option appears in order drop down on listing page" time="2.914" />
 </testsuite>
 <testsuite name="Hybrent Receive order" timestamp="2019-11-25T14:07:24" hostname="localhost" time="24.793" errors="0" tests="3" skipped="0" disabled="0" failures="1">
  <testcase classname="Hybrent Receive order" name="Open order detail page" time="3.442" />
  <testcase classname="Hybrent Receive order" name="verify that all option appear in order drop down" time="2.446" />
  <testcase classname="Hybrent Receive order" name="open order detail page to receive corresponding order" time="18.904">
   <failure type="exception" message="Failed: stale element reference: element is not attached to the page document
  (Session info: chrome=78.0.3904.108)
For documentation on this error, please visit: https://www.seleniumhq.org/exceptions/stale_element_reference.html
Build info: version: &apos;3.141.59&apos;, revision: &apos;e82be7d358&apos;, time: &apos;2018-11-14T08:25:53&apos;
System info: host: &apos;LAPTOP-QSN8IM2G&apos;, ip: &apos;10.0.0.136&apos;, os.name: &apos;Windows 10&apos;, os.arch: &apos;amd64&apos;, os.version: &apos;10.0&apos;, java.version: &apos;1.8.0_181&apos;
Driver info: driver.version: unknown"><![CDATA[StaleElementReferenceError: stale element reference: element is not attached to the page document
  (Session info: chrome=78.0.3904.108)
For documentation on this error, please visit: https://www.seleniumhq.org/exceptions/stale_element_reference.html
Build info: version: '3.141.59', revision: 'e82be7d358', time: '2018-11-14T08:25:53'
System info: host: 'LAPTOP-QSN8IM2G', ip: '10.0.0.136', os.name: 'Windows 10', os.arch: 'amd64', os.version: '10.0', java.version: '1.8.0_181'
Driver info: driver.version: unknown
    at Object.checkLegacyResponse (C:\Users\sandy\AppData\Roaming\npm\node_modules\protractor\node_modules\selenium-webdriver\lib\error.js:546:15)
    at parseHttpResponse (C:\Users\sandy\AppData\Roaming\npm\node_modules\protractor\node_modules\selenium-webdriver\lib\http.js:509:13)
    at doSend.then.response (C:\Users\sandy\AppData\Roaming\npm\node_modules\protractor\node_modules\selenium-webdriver\lib\http.js:441:30)
    at process._tickCallback (internal/process/next_tick.js:68:7)
From: Task: WebElement.isEnabled()
    at thenableWebDriverProxy.schedule (C:\Users\sandy\AppData\Roaming\npm\node_modules\protractor\node_modules\selenium-webdriver\lib\webdriver.js:807:17)
    at WebElement.schedule_ (C:\Users\sandy\AppData\Roaming\npm\node_modules\protractor\node_modules\selenium-webdriver\lib\webdriver.js:2010:25)
    at WebElement.isEnabled (C:\Users\sandy\AppData\Roaming\npm\node_modules\protractor\node_modules\selenium-webdriver\lib\webdriver.js:2314:17)
    at actionFn (C:\Users\sandy\AppData\Roaming\npm\node_modules\protractor\built\element.js:89:44)
    at Array.map (<anonymous>)
    at actionResults.getWebElements.then (C:\Users\sandy\AppData\Roaming\npm\node_modules\protractor\built\element.js:461:65)
    at ManagedPromise.invokeCallback_ (C:\Users\sandy\AppData\Roaming\npm\node_modules\protractor\node_modules\selenium-webdriver\lib\promise.js:1376:14)
    at TaskQueue.execute_ (C:\Users\sandy\AppData\Roaming\npm\node_modules\protractor\node_modules\selenium-webdriver\lib\promise.js:3084:14)
    at TaskQueue.executeNext_ (C:\Users\sandy\AppData\Roaming\npm\node_modules\protractor\node_modules\selenium-webdriver\lib\promise.js:3067:27)
    at asyncRun (C:\Users\sandy\AppData\Roaming\npm\node_modules\protractor\node_modules\selenium-webdriver\lib\promise.js:2927:27)Error
    at ElementArrayFinder.applyAction_ (C:\Users\sandy\AppData\Roaming\npm\node_modules\protractor\built\element.js:459:27)
    at ElementArrayFinder.(anonymous function).args [as isEnabled] (C:\Users\sandy\AppData\Roaming\npm\node_modules\protractor\built\element.js:91:29)
    at ElementFinder.(anonymous function).args [as isEnabled] (C:\Users\sandy\AppData\Roaming\npm\node_modules\protractor\built\element.js:831:22)
    at F:\protractor\Hybrent3.1\Testcases\Receive\Receiveorder.js:32:22
    at arr.map (C:\Users\sandy\AppData\Roaming\npm\node_modules\protractor\built\element.js:628:33)
    at Array.map (<anonymous>)
    at asElementFinders_.then (C:\Users\sandy\AppData\Roaming\npm\node_modules\protractor\built\element.js:627:28)
    at ManagedPromise.invokeCallback_ (C:\Users\sandy\AppData\Roaming\npm\node_modules\protractor\node_modules\selenium-webdriver\lib\promise.js:1376:14)
    at TaskQueue.execute_ (C:\Users\sandy\AppData\Roaming\npm\node_modules\protractor\node_modules\selenium-webdriver\lib\promise.js:3084:14)
    at TaskQueue.executeNext_ (C:\Users\sandy\AppData\Roaming\npm\node_modules\protractor\node_modules\selenium-webdriver\lib\promise.js:3067:27)
From: Task: Run it("open order detail page to receive corresponding order") in control flow
    at UserContext.<anonymous> (C:\Users\sandy\AppData\Roaming\npm\node_modules\protractor\node_modules\jasminewd2\index.js:94:19)
    at attempt (C:\Users\sandy\AppData\Roaming\npm\node_modules\protractor\node_modules\jasmine-core\lib\jasmine-core\jasmine.js:4297:26)
    at QueueRunner.run (C:\Users\sandy\AppData\Roaming\npm\node_modules\protractor\node_modules\jasmine-core\lib\jasmine-core\jasmine.js:4217:20)
    at runNext (C:\Users\sandy\AppData\Roaming\npm\node_modules\protractor\node_modules\jasmine-core\lib\jasmine-core\jasmine.js:4257:20)
    at C:\Users\sandy\AppData\Roaming\npm\node_modules\protractor\node_modules\jasmine-core\lib\jasmine-core\jasmine.js:4264:13
    at C:\Users\sandy\AppData\Roaming\npm\node_modules\protractor\node_modules\jasmine-core\lib\jasmine-core\jasmine.js:4172:9
    at C:\Users\sandy\AppData\Roaming\npm\node_modules\protractor\node_modules\jasminewd2\index.js:64:48
    at ControlFlow.emit (C:\Users\sandy\AppData\Roaming\npm\node_modules\protractor\node_modules\selenium-webdriver\lib\events.js:62:21)
    at ControlFlow.shutdown_ (C:\Users\sandy\AppData\Roaming\npm\node_modules\protractor\node_modules\selenium-webdriver\lib\promise.js:2674:10)
    at shutdownTask_.MicroTask (C:\Users\sandy\AppData\Roaming\npm\node_modules\protractor\node_modules\selenium-webdriver\lib\promise.js:2599:53)
From asynchronous test: 
Error
    at Suite.<anonymous> (F:\protractor\Hybrent3.1\Testcases\Receive\Receiveorder.js:26:3)
    at addSpecsToSuite (C:\Users\sandy\AppData\Roaming\npm\node_modules\protractor\node_modules\jasmine-core\lib\jasmine-core\jasmine.js:1107:25)
    at Env.describe (C:\Users\sandy\AppData\Roaming\npm\node_modules\protractor\node_modules\jasmine-core\lib\jasmine-core\jasmine.js:1074:7)
    at describe (C:\Users\sandy\AppData\Roaming\npm\node_modules\protractor\node_modules\jasmine-core\lib\jasmine-core\jasmine.js:4399:18)
    at Object.<anonymous> (F:\protractor\Hybrent3.1\Testcases\Receive\Receiveorder.js:1:1)
    at Module._compile (internal/modules/cjs/loader.js:778:30)
    at Object.Module._extensions..js (internal/modules/cjs/loader.js:789:10)
    at Module.load (internal/modules/cjs/loader.js:653:32)
    at tryModuleLoad (internal/modules/cjs/loader.js:593:12)]]>
   </failure>
  </testcase>
 </testsuite>
 <testsuite name="Hybrent Templates Module" timestamp="2019-11-25T14:07:49" hostname="localhost" time="5.052" errors="0" tests="5" skipped="0" disabled="0" failures="3">
  <testcase classname="Hybrent Templates Module" name="Templates List page should open" time="1.462" />
  <testcase classname="Hybrent Templates Module" name="List page should display templates search filter" time="0.059" />
  <testcase classname="Hybrent Templates Module" name="Add Template" time="0.111">
   <failure type="exception" message="Failed: element click intercepted: Element &lt;button ng-if=&quot;canAddTemplate == 1&quot; class=&quot;btn btn-primary pull-right ng-scope&quot; type=&quot;button&quot; ng-click=&quot;createTemplate()&quot;&gt;...&lt;/button&gt; is not clickable at point (1350, 117). Other element would receive the click: &lt;body data-twttr-rendered=&quot;true&quot; ng-class=&quot;{&apos;login-page-bg&apos;: !isAuthenticated, &apos;dashboard-page-bg&apos;: isCurrentMenu(1), &apos;other-page-bg&apos;: !isCurrentMenu(1)}&quot; style=&quot;visibility: visible; overflow: auto;&quot; class=&quot;pg-loaded other-page-bg&quot;&gt;...&lt;/body&gt;
  (Session info: chrome=78.0.3904.108)
Build info: version: &apos;3.141.59&apos;, revision: &apos;e82be7d358&apos;, time: &apos;2018-11-14T08:25:53&apos;
System info: host: &apos;LAPTOP-QSN8IM2G&apos;, ip: &apos;10.0.0.136&apos;, os.name: &apos;Windows 10&apos;, os.arch: &apos;amd64&apos;, os.version: &apos;10.0&apos;, java.version: &apos;1.8.0_181&apos;
Driver info: driver.version: unknown"><![CDATA[WebDriverError: element click intercepted: Element <button ng-if="canAddTemplate == 1" class="btn btn-primary pull-right ng-scope" type="button" ng-click="createTemplate()">...</button> is not clickable at point (1350, 117). Other element would receive the click: <body data-twttr-rendered="true" ng-class="{'login-page-bg': !isAuthenticated, 'dashboard-page-bg': isCurrentMenu(1), 'other-page-bg': !isCurrentMenu(1)}" style="visibility: visible; overflow: auto;" class="pg-loaded other-page-bg">...</body>
  (Session info: chrome=78.0.3904.108)
Build info: version: '3.141.59', revision: 'e82be7d358', time: '2018-11-14T08:25:53'
System info: host: 'LAPTOP-QSN8IM2G', ip: '10.0.0.136', os.name: 'Windows 10', os.arch: 'amd64', os.version: '10.0', java.version: '1.8.0_181'
Driver info: driver.version: unknown
    at Object.checkLegacyResponse (C:\Users\sandy\AppData\Roaming\npm\node_modules\protractor\node_modules\selenium-webdriver\lib\error.js:546:15)
    at parseHttpResponse (C:\Users\sandy\AppData\Roaming\npm\node_modules\protractor\node_modules\selenium-webdriver\lib\http.js:509:13)
    at doSend.then.response (C:\Users\sandy\AppData\Roaming\npm\node_modules\protractor\node_modules\selenium-webdriver\lib\http.js:441:30)
    at process._tickCallback (internal/process/next_tick.js:68:7)
From: Task: WebElement.click()
    at thenableWebDriverProxy.schedule (C:\Users\sandy\AppData\Roaming\npm\node_modules\protractor\node_modules\selenium-webdriver\lib\webdriver.js:807:17)
    at WebElement.schedule_ (C:\Users\sandy\AppData\Roaming\npm\node_modules\protractor\node_modules\selenium-webdriver\lib\webdriver.js:2010:25)
    at WebElement.click (C:\Users\sandy\AppData\Roaming\npm\node_modules\protractor\node_modules\selenium-webdriver\lib\webdriver.js:2092:17)
    at actionFn (C:\Users\sandy\AppData\Roaming\npm\node_modules\protractor\built\element.js:89:44)
    at Array.map (<anonymous>)
    at actionResults.getWebElements.then (C:\Users\sandy\AppData\Roaming\npm\node_modules\protractor\built\element.js:461:65)
    at ManagedPromise.invokeCallback_ (C:\Users\sandy\AppData\Roaming\npm\node_modules\protractor\node_modules\selenium-webdriver\lib\promise.js:1376:14)
    at TaskQueue.execute_ (C:\Users\sandy\AppData\Roaming\npm\node_modules\protractor\node_modules\selenium-webdriver\lib\promise.js:3084:14)
    at TaskQueue.executeNext_ (C:\Users\sandy\AppData\Roaming\npm\node_modules\protractor\node_modules\selenium-webdriver\lib\promise.js:3067:27)
    at asyncRun (C:\Users\sandy\AppData\Roaming\npm\node_modules\protractor\node_modules\selenium-webdriver\lib\promise.js:2927:27)Error
    at ElementArrayFinder.applyAction_ (C:\Users\sandy\AppData\Roaming\npm\node_modules\protractor\built\element.js:459:27)
    at ElementArrayFinder.(anonymous function).args [as click] (C:\Users\sandy\AppData\Roaming\npm\node_modules\protractor\built\element.js:91:29)
    at ElementFinder.(anonymous function).args [as click] (C:\Users\sandy\AppData\Roaming\npm\node_modules\protractor\built\element.js:831:22)
    at UserContext.<anonymous> (F:\protractor\Hybrent3.1\Testcases\Template\Templatelist.js:19:44)
    at C:\Users\sandy\AppData\Roaming\npm\node_modules\protractor\node_modules\jasminewd2\index.js:112:25
    at new ManagedPromise (C:\Users\sandy\AppData\Roaming\npm\node_modules\protractor\node_modules\selenium-webdriver\lib\promise.js:1077:7)
    at ControlFlow.promise (C:\Users\sandy\AppData\Roaming\npm\node_modules\protractor\node_modules\selenium-webdriver\lib\promise.js:2505:12)
    at schedulerExecute (C:\Users\sandy\AppData\Roaming\npm\node_modules\protractor\node_modules\jasminewd2\index.js:95:18)
    at TaskQueue.execute_ (C:\Users\sandy\AppData\Roaming\npm\node_modules\protractor\node_modules\selenium-webdriver\lib\promise.js:3084:14)
    at TaskQueue.executeNext_ (C:\Users\sandy\AppData\Roaming\npm\node_modules\protractor\node_modules\selenium-webdriver\lib\promise.js:3067:27)
From: Task: Run it("Add Template") in control flow
    at UserContext.<anonymous> (C:\Users\sandy\AppData\Roaming\npm\node_modules\protractor\node_modules\jasminewd2\index.js:94:19)
    at attempt (C:\Users\sandy\AppData\Roaming\npm\node_modules\protractor\node_modules\jasmine-core\lib\jasmine-core\jasmine.js:4297:26)
    at QueueRunner.run (C:\Users\sandy\AppData\Roaming\npm\node_modules\protractor\node_modules\jasmine-core\lib\jasmine-core\jasmine.js:4217:20)
    at runNext (C:\Users\sandy\AppData\Roaming\npm\node_modules\protractor\node_modules\jasmine-core\lib\jasmine-core\jasmine.js:4257:20)
    at C:\Users\sandy\AppData\Roaming\npm\node_modules\protractor\node_modules\jasmine-core\lib\jasmine-core\jasmine.js:4264:13
    at C:\Users\sandy\AppData\Roaming\npm\node_modules\protractor\node_modules\jasmine-core\lib\jasmine-core\jasmine.js:4172:9
    at C:\Users\sandy\AppData\Roaming\npm\node_modules\protractor\node_modules\jasminewd2\index.js:64:48
    at ControlFlow.emit (C:\Users\sandy\AppData\Roaming\npm\node_modules\protractor\node_modules\selenium-webdriver\lib\events.js:62:21)
    at ControlFlow.shutdown_ (C:\Users\sandy\AppData\Roaming\npm\node_modules\protractor\node_modules\selenium-webdriver\lib\promise.js:2674:10)
    at shutdownTask_.MicroTask (C:\Users\sandy\AppData\Roaming\npm\node_modules\protractor\node_modules\selenium-webdriver\lib\promise.js:2599:53)
From asynchronous test: 
Error
    at Suite.<anonymous> (F:\protractor\Hybrent3.1\Testcases\Template\Templatelist.js:18:3)
    at addSpecsToSuite (C:\Users\sandy\AppData\Roaming\npm\node_modules\protractor\node_modules\jasmine-core\lib\jasmine-core\jasmine.js:1107:25)
    at Env.describe (C:\Users\sandy\AppData\Roaming\npm\node_modules\protractor\node_modules\jasmine-core\lib\jasmine-core\jasmine.js:1074:7)
    at describe (C:\Users\sandy\AppData\Roaming\npm\node_modules\protractor\node_modules\jasmine-core\lib\jasmine-core\jasmine.js:4399:18)
    at Object.<anonymous> (F:\protractor\Hybrent3.1\Testcases\Template\Templatelist.js:1:1)
    at Module._compile (internal/modules/cjs/loader.js:778:30)
    at Object.Module._extensions..js (internal/modules/cjs/loader.js:789:10)
    at Module.load (internal/modules/cjs/loader.js:653:32)
    at tryModuleLoad (internal/modules/cjs/loader.js:593:12)]]>
   </failure>
  </testcase>
  <testcase classname="Hybrent Templates Module" name="Add item to newly created template" time="0.406">
   <failure type="exception" message="Failed: No element found using locator: by.model(&quot;searchParams.search&quot;)"><![CDATA[NoSuchElementError: No element found using locator: by.model("searchParams.search")
    at elementArrayFinder.getWebElements.then (C:\Users\sandy\AppData\Roaming\npm\node_modules\protractor\built\element.js:814:27)
    at ManagedPromise.invokeCallback_ (C:\Users\sandy\AppData\Roaming\npm\node_modules\protractor\node_modules\selenium-webdriver\lib\promise.js:1376:14)
    at TaskQueue.execute_ (C:\Users\sandy\AppData\Roaming\npm\node_modules\protractor\node_modules\selenium-webdriver\lib\promise.js:3084:14)
    at TaskQueue.executeNext_ (C:\Users\sandy\AppData\Roaming\npm\node_modules\protractor\node_modules\selenium-webdriver\lib\promise.js:3067:27)
    at asyncRun (C:\Users\sandy\AppData\Roaming\npm\node_modules\protractor\node_modules\selenium-webdriver\lib\promise.js:2927:27)
    at C:\Users\sandy\AppData\Roaming\npm\node_modules\protractor\node_modules\selenium-webdriver\lib\promise.js:668:7
    at process._tickCallback (internal/process/next_tick.js:68:7)Error
    at ElementArrayFinder.applyAction_ (C:\Users\sandy\AppData\Roaming\npm\node_modules\protractor\built\element.js:459:27)
    at ElementArrayFinder.(anonymous function).args [as sendKeys] (C:\Users\sandy\AppData\Roaming\npm\node_modules\protractor\built\element.js:91:29)
    at ElementFinder.(anonymous function).args [as sendKeys] (C:\Users\sandy\AppData\Roaming\npm\node_modules\protractor\built\element.js:831:22)
    at UserContext.<anonymous> (F:\protractor\Hybrent3.1\Testcases\Template\Templatelist.js:27:46)
    at C:\Users\sandy\AppData\Roaming\npm\node_modules\protractor\node_modules\jasminewd2\index.js:112:25
    at new ManagedPromise (C:\Users\sandy\AppData\Roaming\npm\node_modules\protractor\node_modules\selenium-webdriver\lib\promise.js:1077:7)
    at ControlFlow.promise (C:\Users\sandy\AppData\Roaming\npm\node_modules\protractor\node_modules\selenium-webdriver\lib\promise.js:2505:12)
    at schedulerExecute (C:\Users\sandy\AppData\Roaming\npm\node_modules\protractor\node_modules\jasminewd2\index.js:95:18)
    at TaskQueue.execute_ (C:\Users\sandy\AppData\Roaming\npm\node_modules\protractor\node_modules\selenium-webdriver\lib\promise.js:3084:14)
    at TaskQueue.executeNext_ (C:\Users\sandy\AppData\Roaming\npm\node_modules\protractor\node_modules\selenium-webdriver\lib\promise.js:3067:27)
From: Task: Run it("Add item to newly created template") in control flow
    at UserContext.<anonymous> (C:\Users\sandy\AppData\Roaming\npm\node_modules\protractor\node_modules\jasminewd2\index.js:94:19)
    at attempt (C:\Users\sandy\AppData\Roaming\npm\node_modules\protractor\node_modules\jasmine-core\lib\jasmine-core\jasmine.js:4297:26)
    at QueueRunner.run (C:\Users\sandy\AppData\Roaming\npm\node_modules\protractor\node_modules\jasmine-core\lib\jasmine-core\jasmine.js:4217:20)
    at runNext (C:\Users\sandy\AppData\Roaming\npm\node_modules\protractor\node_modules\jasmine-core\lib\jasmine-core\jasmine.js:4257:20)
    at C:\Users\sandy\AppData\Roaming\npm\node_modules\protractor\node_modules\jasmine-core\lib\jasmine-core\jasmine.js:4264:13
    at C:\Users\sandy\AppData\Roaming\npm\node_modules\protractor\node_modules\jasmine-core\lib\jasmine-core\jasmine.js:4172:9
    at C:\Users\sandy\AppData\Roaming\npm\node_modules\protractor\node_modules\jasminewd2\index.js:64:48
    at ControlFlow.emit (C:\Users\sandy\AppData\Roaming\npm\node_modules\protractor\node_modules\selenium-webdriver\lib\events.js:62:21)
    at ControlFlow.shutdown_ (C:\Users\sandy\AppData\Roaming\npm\node_modules\protractor\node_modules\selenium-webdriver\lib\promise.js:2674:10)
    at shutdownTask_.MicroTask (C:\Users\sandy\AppData\Roaming\npm\node_modules\protractor\node_modules\selenium-webdriver\lib\promise.js:2599:53)
From asynchronous test: 
Error
    at Suite.<anonymous> (F:\protractor\Hybrent3.1\Testcases\Template\Templatelist.js:26:3)
    at addSpecsToSuite (C:\Users\sandy\AppData\Roaming\npm\node_modules\protractor\node_modules\jasmine-core\lib\jasmine-core\jasmine.js:1107:25)
    at Env.describe (C:\Users\sandy\AppData\Roaming\npm\node_modules\protractor\node_modules\jasmine-core\lib\jasmine-core\jasmine.js:1074:7)
    at describe (C:\Users\sandy\AppData\Roaming\npm\node_modules\protractor\node_modules\jasmine-core\lib\jasmine-core\jasmine.js:4399:18)
    at Object.<anonymous> (F:\protractor\Hybrent3.1\Testcases\Template\Templatelist.js:1:1)
    at Module._compile (internal/modules/cjs/loader.js:778:30)
    at Object.Module._extensions..js (internal/modules/cjs/loader.js:789:10)
    at Module.load (internal/modules/cjs/loader.js:653:32)
    at tryModuleLoad (internal/modules/cjs/loader.js:593:12)]]>
   </failure>
  </testcase>
  <testcase classname="Hybrent Templates Module" name="Search template by name" time="3.012">
   <failure type="toStartWith" message="Expected [  ] to start with &apos;template1574670856840&apos;."><![CDATA[Error: Failed expectation
    at F:\protractor\Hybrent3.1\Testcases\Template\Templatelist.js:46:20
    at ManagedPromise.invokeCallback_ (C:\Users\sandy\AppData\Roaming\npm\node_modules\protractor\node_modules\selenium-webdriver\lib\promise.js:1376:14)
    at TaskQueue.execute_ (C:\Users\sandy\AppData\Roaming\npm\node_modules\protractor\node_modules\selenium-webdriver\lib\promise.js:3084:14)
    at TaskQueue.executeNext_ (C:\Users\sandy\AppData\Roaming\npm\node_modules\protractor\node_modules\selenium-webdriver\lib\promise.js:3067:27)
    at asyncRun (C:\Users\sandy\AppData\Roaming\npm\node_modules\protractor\node_modules\selenium-webdriver\lib\promise.js:2927:27)
    at C:\Users\sandy\AppData\Roaming\npm\node_modules\protractor\node_modules\selenium-webdriver\lib\promise.js:668:7
    at process._tickCallback (internal/process/next_tick.js:68:7)]]>
   </failure>
  </testcase>
 </testsuite>
 <testsuite name="Hybrent Scanout Module" timestamp="2019-11-25T14:07:54" hostname="localhost" time="23.289" errors="0" tests="8" skipped="0" disabled="0" failures="2">
  <testcase classname="Hybrent Scanout Module" name="Scan Out List page should open" time="1.369" />
  <testcase classname="Hybrent Scanout Module" name="List page should display Scan out filters and refresh button" time="0.114" />
  <testcase classname="Hybrent Scanout Module" name="Scan Out - Search items by item Name, sku, mfr" time="5.891" />
  <testcase classname="Hybrent Scanout Module" name="Scan Out - Add items for scan out by click on scan Out button" time="9.647" />
  <testcase classname="Hybrent Scanout Module" name="Scan Out - List of items added for scan out" time="1.293" />
  <testcase classname="Hybrent Scanout Module" name="Scan Out items - Attach stock info" time="4.356" />
  <testcase classname="Hybrent Scanout Module" name="Scan Out items - Remove attached stock info" time="0.093">
   <failure type="exception" message="Failed: element click intercepted: Element &lt;div class=&quot;padding-top-5&quot;&gt;...&lt;/div&gt; is not clickable at point (1276, 362). Other element would receive the click: &lt;div uib-modal-window=&quot;modal-window&quot; class=&quot;modal fade ng-scope ng-isolate-scope in&quot; role=&quot;dialog&quot; size=&quot;lg&quot; index=&quot;0&quot; animate=&quot;animate&quot; ng-style=&quot;{&apos;z-index&apos;: 1050 + $$topModalIndex*10, display: &apos;block&apos;}&quot; tabindex=&quot;-1&quot; uib-modal-animation-class=&quot;fade&quot; modal-in-class=&quot;in&quot; modal-animation=&quot;true&quot; style=&quot;z-index: 1050; display: block;&quot;&gt;...&lt;/div&gt;
  (Session info: chrome=78.0.3904.108)
Build info: version: &apos;3.141.59&apos;, revision: &apos;e82be7d358&apos;, time: &apos;2018-11-14T08:25:53&apos;
System info: host: &apos;LAPTOP-QSN8IM2G&apos;, ip: &apos;10.0.0.136&apos;, os.name: &apos;Windows 10&apos;, os.arch: &apos;amd64&apos;, os.version: &apos;10.0&apos;, java.version: &apos;1.8.0_181&apos;
Driver info: driver.version: unknown"><![CDATA[WebDriverError: element click intercepted: Element <div class="padding-top-5">...</div> is not clickable at point (1276, 362). Other element would receive the click: <div uib-modal-window="modal-window" class="modal fade ng-scope ng-isolate-scope in" role="dialog" size="lg" index="0" animate="animate" ng-style="{'z-index': 1050 + $$topModalIndex*10, display: 'block'}" tabindex="-1" uib-modal-animation-class="fade" modal-in-class="in" modal-animation="true" style="z-index: 1050; display: block;">...</div>
  (Session info: chrome=78.0.3904.108)
Build info: version: '3.141.59', revision: 'e82be7d358', time: '2018-11-14T08:25:53'
System info: host: 'LAPTOP-QSN8IM2G', ip: '10.0.0.136', os.name: 'Windows 10', os.arch: 'amd64', os.version: '10.0', java.version: '1.8.0_181'
Driver info: driver.version: unknown
    at Object.checkLegacyResponse (C:\Users\sandy\AppData\Roaming\npm\node_modules\protractor\node_modules\selenium-webdriver\lib\error.js:546:15)
    at parseHttpResponse (C:\Users\sandy\AppData\Roaming\npm\node_modules\protractor\node_modules\selenium-webdriver\lib\http.js:509:13)
    at doSend.then.response (C:\Users\sandy\AppData\Roaming\npm\node_modules\protractor\node_modules\selenium-webdriver\lib\http.js:441:30)
    at process._tickCallback (internal/process/next_tick.js:68:7)
From: Task: WebElement.click()
    at thenableWebDriverProxy.schedule (C:\Users\sandy\AppData\Roaming\npm\node_modules\protractor\node_modules\selenium-webdriver\lib\webdriver.js:807:17)
    at WebElement.schedule_ (C:\Users\sandy\AppData\Roaming\npm\node_modules\protractor\node_modules\selenium-webdriver\lib\webdriver.js:2010:25)
    at WebElement.click (C:\Users\sandy\AppData\Roaming\npm\node_modules\protractor\node_modules\selenium-webdriver\lib\webdriver.js:2092:17)
    at actionFn (C:\Users\sandy\AppData\Roaming\npm\node_modules\protractor\built\element.js:89:44)
    at Array.map (<anonymous>)
    at actionResults.getWebElements.then (C:\Users\sandy\AppData\Roaming\npm\node_modules\protractor\built\element.js:461:65)
    at ManagedPromise.invokeCallback_ (C:\Users\sandy\AppData\Roaming\npm\node_modules\protractor\node_modules\selenium-webdriver\lib\promise.js:1376:14)
    at TaskQueue.execute_ (C:\Users\sandy\AppData\Roaming\npm\node_modules\protractor\node_modules\selenium-webdriver\lib\promise.js:3084:14)
    at TaskQueue.executeNext_ (C:\Users\sandy\AppData\Roaming\npm\node_modules\protractor\node_modules\selenium-webdriver\lib\promise.js:3067:27)
    at asyncRun (C:\Users\sandy\AppData\Roaming\npm\node_modules\protractor\node_modules\selenium-webdriver\lib\promise.js:2927:27)Error
    at ElementArrayFinder.applyAction_ (C:\Users\sandy\AppData\Roaming\npm\node_modules\protractor\built\element.js:459:27)
    at ElementArrayFinder.(anonymous function).args [as click] (C:\Users\sandy\AppData\Roaming\npm\node_modules\protractor\built\element.js:91:29)
    at ElementFinder.(anonymous function).args [as click] (C:\Users\sandy\AppData\Roaming\npm\node_modules\protractor\built\element.js:831:22)
    at UserContext.<anonymous> (F:\protractor\Hybrent3.1\Testcases\ScanOut\scanout.js:102:44)
    at C:\Users\sandy\AppData\Roaming\npm\node_modules\protractor\node_modules\jasminewd2\index.js:112:25
    at new ManagedPromise (C:\Users\sandy\AppData\Roaming\npm\node_modules\protractor\node_modules\selenium-webdriver\lib\promise.js:1077:7)
    at ControlFlow.promise (C:\Users\sandy\AppData\Roaming\npm\node_modules\protractor\node_modules\selenium-webdriver\lib\promise.js:2505:12)
    at schedulerExecute (C:\Users\sandy\AppData\Roaming\npm\node_modules\protractor\node_modules\jasminewd2\index.js:95:18)
    at TaskQueue.execute_ (C:\Users\sandy\AppData\Roaming\npm\node_modules\protractor\node_modules\selenium-webdriver\lib\promise.js:3084:14)
    at TaskQueue.executeNext_ (C:\Users\sandy\AppData\Roaming\npm\node_modules\protractor\node_modules\selenium-webdriver\lib\promise.js:3067:27)
From: Task: Run it("Scan Out items - Remove attached stock info") in control flow
    at UserContext.<anonymous> (C:\Users\sandy\AppData\Roaming\npm\node_modules\protractor\node_modules\jasminewd2\index.js:94:19)
    at attempt (C:\Users\sandy\AppData\Roaming\npm\node_modules\protractor\node_modules\jasmine-core\lib\jasmine-core\jasmine.js:4297:26)
    at QueueRunner.run (C:\Users\sandy\AppData\Roaming\npm\node_modules\protractor\node_modules\jasmine-core\lib\jasmine-core\jasmine.js:4217:20)
    at runNext (C:\Users\sandy\AppData\Roaming\npm\node_modules\protractor\node_modules\jasmine-core\lib\jasmine-core\jasmine.js:4257:20)
    at C:\Users\sandy\AppData\Roaming\npm\node_modules\protractor\node_modules\jasmine-core\lib\jasmine-core\jasmine.js:4264:13
    at C:\Users\sandy\AppData\Roaming\npm\node_modules\protractor\node_modules\jasmine-core\lib\jasmine-core\jasmine.js:4172:9
    at C:\Users\sandy\AppData\Roaming\npm\node_modules\protractor\node_modules\jasminewd2\index.js:64:48
    at ControlFlow.emit (C:\Users\sandy\AppData\Roaming\npm\node_modules\protractor\node_modules\selenium-webdriver\lib\events.js:62:21)
    at ControlFlow.shutdown_ (C:\Users\sandy\AppData\Roaming\npm\node_modules\protractor\node_modules\selenium-webdriver\lib\promise.js:2674:10)
    at shutdownTask_.MicroTask (C:\Users\sandy\AppData\Roaming\npm\node_modules\protractor\node_modules\selenium-webdriver\lib\promise.js:2599:53)
From asynchronous test: 
Error
    at Suite.<anonymous> (F:\protractor\Hybrent3.1\Testcases\ScanOut\scanout.js:101:3)
    at addSpecsToSuite (C:\Users\sandy\AppData\Roaming\npm\node_modules\protractor\node_modules\jasmine-core\lib\jasmine-core\jasmine.js:1107:25)
    at Env.describe (C:\Users\sandy\AppData\Roaming\npm\node_modules\protractor\node_modules\jasmine-core\lib\jasmine-core\jasmine.js:1074:7)
    at describe (C:\Users\sandy\AppData\Roaming\npm\node_modules\protractor\node_modules\jasmine-core\lib\jasmine-core\jasmine.js:4399:18)
    at Object.<anonymous> (F:\protractor\Hybrent3.1\Testcases\ScanOut\scanout.js:1:1)
    at Module._compile (internal/modules/cjs/loader.js:778:30)
    at Object.Module._extensions..js (internal/modules/cjs/loader.js:789:10)
    at Module.load (internal/modules/cjs/loader.js:653:32)
    at tryModuleLoad (internal/modules/cjs/loader.js:593:12)]]>
   </failure>
  </testcase>
  <testcase classname="Hybrent Scanout Module" name="Scan In items - Complete scan Out and item should display on inventory transaction page" time="0.525">
   <failure type="exception" message="Failed: element click intercepted: Element &lt;button id=&quot;btnAdd&quot; class=&quot;btn btn-primary btn-sm&quot; ng-class=&quot;[btnType, {disabled: $ctrl.isBusy}]&quot; ng-disabled=&quot;$ctrl.isBusy || $ctrl.isOtherBusy&quot; ng-click=&quot;$ctrl.event()()&quot; style=&quot;margin-right: 0px; position: relative; margin-left: 0px;&quot; ng-style=&quot;{&apos;margin-right&apos;: (showBadge &amp;amp;&amp;amp; (badgePos == &apos;right&apos;)) ? &apos;-18px&apos;: &apos;0px&apos;, &apos;margin-left&apos;: (showBadge &amp;amp;&amp;amp; (badgePos == &apos;left&apos;)) ? &apos;-18px&apos;: &apos;0px&apos;}&quot;&gt;...&lt;/button&gt; is not clickable at point (1303, 116). Other element would receive the click: &lt;div uib-modal-window=&quot;modal-window&quot; class=&quot;modal fade ng-scope ng-isolate-scope in&quot; role=&quot;dialog&quot; size=&quot;lg&quot; index=&quot;0&quot; animate=&quot;animate&quot; ng-style=&quot;{&apos;z-index&apos;: 1050 + $$topModalIndex*10, display: &apos;block&apos;}&quot; tabindex=&quot;-1&quot; uib-modal-animation-class=&quot;fade&quot; modal-in-class=&quot;in&quot; modal-animation=&quot;true&quot; style=&quot;z-index: 1050; display: block;&quot;&gt;...&lt;/div&gt;
  (Session info: chrome=78.0.3904.108)
Build info: version: &apos;3.141.59&apos;, revision: &apos;e82be7d358&apos;, time: &apos;2018-11-14T08:25:53&apos;
System info: host: &apos;LAPTOP-QSN8IM2G&apos;, ip: &apos;10.0.0.136&apos;, os.name: &apos;Windows 10&apos;, os.arch: &apos;amd64&apos;, os.version: &apos;10.0&apos;, java.version: &apos;1.8.0_181&apos;
Driver info: driver.version: unknown"><![CDATA[WebDriverError: element click intercepted: Element <button id="btnAdd" class="btn btn-primary btn-sm" ng-class="[btnType, {disabled: $ctrl.isBusy}]" ng-disabled="$ctrl.isBusy || $ctrl.isOtherBusy" ng-click="$ctrl.event()()" style="margin-right: 0px; position: relative; margin-left: 0px;" ng-style="{'margin-right': (showBadge &amp;&amp; (badgePos == 'right')) ? '-18px': '0px', 'margin-left': (showBadge &amp;&amp; (badgePos == 'left')) ? '-18px': '0px'}">...</button> is not clickable at point (1303, 116). Other element would receive the click: <div uib-modal-window="modal-window" class="modal fade ng-scope ng-isolate-scope in" role="dialog" size="lg" index="0" animate="animate" ng-style="{'z-index': 1050 + $$topModalIndex*10, display: 'block'}" tabindex="-1" uib-modal-animation-class="fade" modal-in-class="in" modal-animation="true" style="z-index: 1050; display: block;">...</div>
  (Session info: chrome=78.0.3904.108)
Build info: version: '3.141.59', revision: 'e82be7d358', time: '2018-11-14T08:25:53'
System info: host: 'LAPTOP-QSN8IM2G', ip: '10.0.0.136', os.name: 'Windows 10', os.arch: 'amd64', os.version: '10.0', java.version: '1.8.0_181'
Driver info: driver.version: unknown
    at Object.checkLegacyResponse (C:\Users\sandy\AppData\Roaming\npm\node_modules\protractor\node_modules\selenium-webdriver\lib\error.js:546:15)
    at parseHttpResponse (C:\Users\sandy\AppData\Roaming\npm\node_modules\protractor\node_modules\selenium-webdriver\lib\http.js:509:13)
    at doSend.then.response (C:\Users\sandy\AppData\Roaming\npm\node_modules\protractor\node_modules\selenium-webdriver\lib\http.js:441:30)
    at process._tickCallback (internal/process/next_tick.js:68:7)
From: Task: WebElement.click()
    at thenableWebDriverProxy.schedule (C:\Users\sandy\AppData\Roaming\npm\node_modules\protractor\node_modules\selenium-webdriver\lib\webdriver.js:807:17)
    at WebElement.schedule_ (C:\Users\sandy\AppData\Roaming\npm\node_modules\protractor\node_modules\selenium-webdriver\lib\webdriver.js:2010:25)
    at WebElement.click (C:\Users\sandy\AppData\Roaming\npm\node_modules\protractor\node_modules\selenium-webdriver\lib\webdriver.js:2092:17)
    at actionFn (C:\Users\sandy\AppData\Roaming\npm\node_modules\protractor\built\element.js:89:44)
    at Array.map (<anonymous>)
    at actionResults.getWebElements.then (C:\Users\sandy\AppData\Roaming\npm\node_modules\protractor\built\element.js:461:65)
    at ManagedPromise.invokeCallback_ (C:\Users\sandy\AppData\Roaming\npm\node_modules\protractor\node_modules\selenium-webdriver\lib\promise.js:1376:14)
    at TaskQueue.execute_ (C:\Users\sandy\AppData\Roaming\npm\node_modules\protractor\node_modules\selenium-webdriver\lib\promise.js:3084:14)
    at TaskQueue.executeNext_ (C:\Users\sandy\AppData\Roaming\npm\node_modules\protractor\node_modules\selenium-webdriver\lib\promise.js:3067:27)
    at asyncRun (C:\Users\sandy\AppData\Roaming\npm\node_modules\protractor\node_modules\selenium-webdriver\lib\promise.js:2927:27)Error
    at ElementArrayFinder.applyAction_ (C:\Users\sandy\AppData\Roaming\npm\node_modules\protractor\built\element.js:459:27)
    at ElementArrayFinder.(anonymous function).args [as click] (C:\Users\sandy\AppData\Roaming\npm\node_modules\protractor\built\element.js:91:29)
    at ElementFinder.(anonymous function).args [as click] (C:\Users\sandy\AppData\Roaming\npm\node_modules\protractor\built\element.js:831:22)
    at UserContext.<anonymous> (F:\protractor\Hybrent3.1\Testcases\ScanOut\scanout.js:116:40)
    at C:\Users\sandy\AppData\Roaming\npm\node_modules\protractor\node_modules\jasminewd2\index.js:112:25
    at new ManagedPromise (C:\Users\sandy\AppData\Roaming\npm\node_modules\protractor\node_modules\selenium-webdriver\lib\promise.js:1077:7)
    at ControlFlow.promise (C:\Users\sandy\AppData\Roaming\npm\node_modules\protractor\node_modules\selenium-webdriver\lib\promise.js:2505:12)
    at schedulerExecute (C:\Users\sandy\AppData\Roaming\npm\node_modules\protractor\node_modules\jasminewd2\index.js:95:18)
    at TaskQueue.execute_ (C:\Users\sandy\AppData\Roaming\npm\node_modules\protractor\node_modules\selenium-webdriver\lib\promise.js:3084:14)
    at TaskQueue.executeNext_ (C:\Users\sandy\AppData\Roaming\npm\node_modules\protractor\node_modules\selenium-webdriver\lib\promise.js:3067:27)
From: Task: Run it("Scan In items - Complete scan Out and item should display on inventory transaction page") in control flow
    at UserContext.<anonymous> (C:\Users\sandy\AppData\Roaming\npm\node_modules\protractor\node_modules\jasminewd2\index.js:94:19)
    at attempt (C:\Users\sandy\AppData\Roaming\npm\node_modules\protractor\node_modules\jasmine-core\lib\jasmine-core\jasmine.js:4297:26)
    at QueueRunner.run (C:\Users\sandy\AppData\Roaming\npm\node_modules\protractor\node_modules\jasmine-core\lib\jasmine-core\jasmine.js:4217:20)
    at runNext (C:\Users\sandy\AppData\Roaming\npm\node_modules\protractor\node_modules\jasmine-core\lib\jasmine-core\jasmine.js:4257:20)
    at C:\Users\sandy\AppData\Roaming\npm\node_modules\protractor\node_modules\jasmine-core\lib\jasmine-core\jasmine.js:4264:13
    at C:\Users\sandy\AppData\Roaming\npm\node_modules\protractor\node_modules\jasmine-core\lib\jasmine-core\jasmine.js:4172:9
    at C:\Users\sandy\AppData\Roaming\npm\node_modules\protractor\node_modules\jasminewd2\index.js:64:48
    at ControlFlow.emit (C:\Users\sandy\AppData\Roaming\npm\node_modules\protractor\node_modules\selenium-webdriver\lib\events.js:62:21)
    at ControlFlow.shutdown_ (C:\Users\sandy\AppData\Roaming\npm\node_modules\protractor\node_modules\selenium-webdriver\lib\promise.js:2674:10)
    at shutdownTask_.MicroTask (C:\Users\sandy\AppData\Roaming\npm\node_modules\protractor\node_modules\selenium-webdriver\lib\promise.js:2599:53)
From asynchronous test: 
Error
    at Suite.<anonymous> (F:\protractor\Hybrent3.1\Testcases\ScanOut\scanout.js:114:3)
    at addSpecsToSuite (C:\Users\sandy\AppData\Roaming\npm\node_modules\protractor\node_modules\jasmine-core\lib\jasmine-core\jasmine.js:1107:25)
    at Env.describe (C:\Users\sandy\AppData\Roaming\npm\node_modules\protractor\node_modules\jasmine-core\lib\jasmine-core\jasmine.js:1074:7)
    at describe (C:\Users\sandy\AppData\Roaming\npm\node_modules\protractor\node_modules\jasmine-core\lib\jasmine-core\jasmine.js:4399:18)
    at Object.<anonymous> (F:\protractor\Hybrent3.1\Testcases\ScanOut\scanout.js:1:1)
    at Module._compile (internal/modules/cjs/loader.js:778:30)
    at Object.Module._extensions..js (internal/modules/cjs/loader.js:789:10)
    at Module.load (internal/modules/cjs/loader.js:653:32)
    at tryModuleLoad (internal/modules/cjs/loader.js:593:12)]]>
   </failure>
  </testcase>
 </testsuite>
 <testsuite name="Approve unapproved items" timestamp="2019-11-25T14:08:17" hostname="localhost" time="19.812" errors="0" tests="5" skipped="1" disabled="0" failures="5">
  <testcase classname="Approve unapproved items" name="approve items" time="1.784">
   <failure type="exception" message="Failed: element click intercepted: Element &lt;span class=&quot;menu-text ng-binding&quot;&gt;...&lt;/span&gt; is not clickable at point (135, 235). Other element would receive the click: &lt;div uib-modal-window=&quot;modal-window&quot; class=&quot;modal fade ng-scope ng-isolate-scope in&quot; role=&quot;dialog&quot; size=&quot;lg&quot; index=&quot;0&quot; animate=&quot;animate&quot; ng-style=&quot;{&apos;z-index&apos;: 1050 + $$topModalIndex*10, display: &apos;block&apos;}&quot; tabindex=&quot;-1&quot; uib-modal-animation-class=&quot;fade&quot; modal-in-class=&quot;in&quot; modal-animation=&quot;true&quot; style=&quot;z-index: 1050; display: block;&quot;&gt;...&lt;/div&gt;
  (Session info: chrome=78.0.3904.108)
Build info: version: &apos;3.141.59&apos;, revision: &apos;e82be7d358&apos;, time: &apos;2018-11-14T08:25:53&apos;
System info: host: &apos;LAPTOP-QSN8IM2G&apos;, ip: &apos;10.0.0.136&apos;, os.name: &apos;Windows 10&apos;, os.arch: &apos;amd64&apos;, os.version: &apos;10.0&apos;, java.version: &apos;1.8.0_181&apos;
Driver info: driver.version: unknown"><![CDATA[WebDriverError: element click intercepted: Element <span class="menu-text ng-binding">...</span> is not clickable at point (135, 235). Other element would receive the click: <div uib-modal-window="modal-window" class="modal fade ng-scope ng-isolate-scope in" role="dialog" size="lg" index="0" animate="animate" ng-style="{'z-index': 1050 + $$topModalIndex*10, display: 'block'}" tabindex="-1" uib-modal-animation-class="fade" modal-in-class="in" modal-animation="true" style="z-index: 1050; display: block;">...</div>
  (Session info: chrome=78.0.3904.108)
Build info: version: '3.141.59', revision: 'e82be7d358', time: '2018-11-14T08:25:53'
System info: host: 'LAPTOP-QSN8IM2G', ip: '10.0.0.136', os.name: 'Windows 10', os.arch: 'amd64', os.version: '10.0', java.version: '1.8.0_181'
Driver info: driver.version: unknown
    at Object.checkLegacyResponse (C:\Users\sandy\AppData\Roaming\npm\node_modules\protractor\node_modules\selenium-webdriver\lib\error.js:546:15)
    at parseHttpResponse (C:\Users\sandy\AppData\Roaming\npm\node_modules\protractor\node_modules\selenium-webdriver\lib\http.js:509:13)
    at doSend.then.response (C:\Users\sandy\AppData\Roaming\npm\node_modules\protractor\node_modules\selenium-webdriver\lib\http.js:441:30)
    at process._tickCallback (internal/process/next_tick.js:68:7)
From: Task: WebElement.click()
    at thenableWebDriverProxy.schedule (C:\Users\sandy\AppData\Roaming\npm\node_modules\protractor\node_modules\selenium-webdriver\lib\webdriver.js:807:17)
    at WebElement.schedule_ (C:\Users\sandy\AppData\Roaming\npm\node_modules\protractor\node_modules\selenium-webdriver\lib\webdriver.js:2010:25)
    at WebElement.click (C:\Users\sandy\AppData\Roaming\npm\node_modules\protractor\node_modules\selenium-webdriver\lib\webdriver.js:2092:17)
    at actionFn (C:\Users\sandy\AppData\Roaming\npm\node_modules\protractor\built\element.js:89:44)
    at Array.map (<anonymous>)
    at actionResults.getWebElements.then (C:\Users\sandy\AppData\Roaming\npm\node_modules\protractor\built\element.js:461:65)
    at ManagedPromise.invokeCallback_ (C:\Users\sandy\AppData\Roaming\npm\node_modules\protractor\node_modules\selenium-webdriver\lib\promise.js:1376:14)
    at TaskQueue.execute_ (C:\Users\sandy\AppData\Roaming\npm\node_modules\protractor\node_modules\selenium-webdriver\lib\promise.js:3084:14)
    at TaskQueue.executeNext_ (C:\Users\sandy\AppData\Roaming\npm\node_modules\protractor\node_modules\selenium-webdriver\lib\promise.js:3067:27)
    at asyncRun (C:\Users\sandy\AppData\Roaming\npm\node_modules\protractor\node_modules\selenium-webdriver\lib\promise.js:2927:27)Error
    at ElementArrayFinder.applyAction_ (C:\Users\sandy\AppData\Roaming\npm\node_modules\protractor\built\element.js:459:27)
    at ElementArrayFinder.(anonymous function).args [as click] (C:\Users\sandy\AppData\Roaming\npm\node_modules\protractor\built\element.js:91:29)
    at ElementFinder.(anonymous function).args [as click] (C:\Users\sandy\AppData\Roaming\npm\node_modules\protractor\built\element.js:831:22)
    at UserContext.<anonymous> (F:\protractor\Hybrent3.1\Testcases\ApproveItem\Approveitem.js:15:67)
    at C:\Users\sandy\AppData\Roaming\npm\node_modules\protractor\node_modules\jasminewd2\index.js:112:25
    at new ManagedPromise (C:\Users\sandy\AppData\Roaming\npm\node_modules\protractor\node_modules\selenium-webdriver\lib\promise.js:1077:7)
    at ControlFlow.promise (C:\Users\sandy\AppData\Roaming\npm\node_modules\protractor\node_modules\selenium-webdriver\lib\promise.js:2505:12)
    at schedulerExecute (C:\Users\sandy\AppData\Roaming\npm\node_modules\protractor\node_modules\jasminewd2\index.js:95:18)
    at TaskQueue.execute_ (C:\Users\sandy\AppData\Roaming\npm\node_modules\protractor\node_modules\selenium-webdriver\lib\promise.js:3084:14)
    at TaskQueue.executeNext_ (C:\Users\sandy\AppData\Roaming\npm\node_modules\protractor\node_modules\selenium-webdriver\lib\promise.js:3067:27)
From: Task: Run it("approve items") in control flow
    at UserContext.<anonymous> (C:\Users\sandy\AppData\Roaming\npm\node_modules\protractor\node_modules\jasminewd2\index.js:94:19)
    at attempt (C:\Users\sandy\AppData\Roaming\npm\node_modules\protractor\node_modules\jasmine-core\lib\jasmine-core\jasmine.js:4297:26)
    at QueueRunner.run (C:\Users\sandy\AppData\Roaming\npm\node_modules\protractor\node_modules\jasmine-core\lib\jasmine-core\jasmine.js:4217:20)
    at runNext (C:\Users\sandy\AppData\Roaming\npm\node_modules\protractor\node_modules\jasmine-core\lib\jasmine-core\jasmine.js:4257:20)
    at C:\Users\sandy\AppData\Roaming\npm\node_modules\protractor\node_modules\jasmine-core\lib\jasmine-core\jasmine.js:4264:13
    at C:\Users\sandy\AppData\Roaming\npm\node_modules\protractor\node_modules\jasmine-core\lib\jasmine-core\jasmine.js:4172:9
    at C:\Users\sandy\AppData\Roaming\npm\node_modules\protractor\node_modules\jasminewd2\index.js:64:48
    at ControlFlow.emit (C:\Users\sandy\AppData\Roaming\npm\node_modules\protractor\node_modules\selenium-webdriver\lib\events.js:62:21)
    at ControlFlow.shutdown_ (C:\Users\sandy\AppData\Roaming\npm\node_modules\protractor\node_modules\selenium-webdriver\lib\promise.js:2674:10)
    at shutdownTask_.MicroTask (C:\Users\sandy\AppData\Roaming\npm\node_modules\protractor\node_modules\selenium-webdriver\lib\promise.js:2599:53)
From asynchronous test: 
Error
    at Suite.<anonymous> (F:\protractor\Hybrent3.1\Testcases\ApproveItem\Approveitem.js:11:3)
    at addSpecsToSuite (C:\Users\sandy\AppData\Roaming\npm\node_modules\protractor\node_modules\jasmine-core\lib\jasmine-core\jasmine.js:1107:25)
    at Env.describe (C:\Users\sandy\AppData\Roaming\npm\node_modules\protractor\node_modules\jasmine-core\lib\jasmine-core\jasmine.js:1074:7)
    at describe (C:\Users\sandy\AppData\Roaming\npm\node_modules\protractor\node_modules\jasmine-core\lib\jasmine-core\jasmine.js:4399:18)
    at Object.<anonymous> (F:\protractor\Hybrent3.1\Testcases\ApproveItem\Approveitem.js:2:1)
    at Module._compile (internal/modules/cjs/loader.js:778:30)
    at Object.Module._extensions..js (internal/modules/cjs/loader.js:789:10)
    at Module.load (internal/modules/cjs/loader.js:653:32)
    at tryModuleLoad (internal/modules/cjs/loader.js:593:12)]]>
   </failure>
  </testcase>
  <testcase classname="Approve unapproved items" name="select user default facility" time="0.001">
   <skipped message="Temporarily disabled with xit" />
  </testcase>
  <testcase classname="Approve unapproved items" name="verify that search with status and vendor drop down field appear on page" time="1.206">
   <failure type="toBeTruthy" message="Expected false to be truthy."><![CDATA[Error: Failed expectation
    at UserContext.<anonymous> (F:\protractor\Hybrent3.1\Testcases\ApproveItem\Approveitem.js:32:68)
    at C:\Users\sandy\AppData\Roaming\npm\node_modules\protractor\node_modules\jasminewd2\index.js:112:25
    at new ManagedPromise (C:\Users\sandy\AppData\Roaming\npm\node_modules\protractor\node_modules\selenium-webdriver\lib\promise.js:1077:7)
    at ControlFlow.promise (C:\Users\sandy\AppData\Roaming\npm\node_modules\protractor\node_modules\selenium-webdriver\lib\promise.js:2505:12)
    at schedulerExecute (C:\Users\sandy\AppData\Roaming\npm\node_modules\protractor\node_modules\jasminewd2\index.js:95:18)
    at TaskQueue.execute_ (C:\Users\sandy\AppData\Roaming\npm\node_modules\protractor\node_modules\selenium-webdriver\lib\promise.js:3084:14)
    at TaskQueue.executeNext_ (C:\Users\sandy\AppData\Roaming\npm\node_modules\protractor\node_modules\selenium-webdriver\lib\promise.js:3067:27)
    at asyncRun (C:\Users\sandy\AppData\Roaming\npm\node_modules\protractor\node_modules\selenium-webdriver\lib\promise.js:2974:25)
    at C:\Users\sandy\AppData\Roaming\npm\node_modules\protractor\node_modules\selenium-webdriver\lib\promise.js:668:7]]>
   </failure>
   <failure type="toBeTruthy" message="Expected false to be truthy."><![CDATA[Error: Failed expectation
    at UserContext.<anonymous> (F:\protractor\Hybrent3.1\Testcases\ApproveItem\Approveitem.js:33:71)
    at C:\Users\sandy\AppData\Roaming\npm\node_modules\protractor\node_modules\jasminewd2\index.js:112:25
    at new ManagedPromise (C:\Users\sandy\AppData\Roaming\npm\node_modules\protractor\node_modules\selenium-webdriver\lib\promise.js:1077:7)
    at ControlFlow.promise (C:\Users\sandy\AppData\Roaming\npm\node_modules\protractor\node_modules\selenium-webdriver\lib\promise.js:2505:12)
    at schedulerExecute (C:\Users\sandy\AppData\Roaming\npm\node_modules\protractor\node_modules\jasminewd2\index.js:95:18)
    at TaskQueue.execute_ (C:\Users\sandy\AppData\Roaming\npm\node_modules\protractor\node_modules\selenium-webdriver\lib\promise.js:3084:14)
    at TaskQueue.executeNext_ (C:\Users\sandy\AppData\Roaming\npm\node_modules\protractor\node_modules\selenium-webdriver\lib\promise.js:3067:27)
    at asyncRun (C:\Users\sandy\AppData\Roaming\npm\node_modules\protractor\node_modules\selenium-webdriver\lib\promise.js:2974:25)
    at C:\Users\sandy\AppData\Roaming\npm\node_modules\protractor\node_modules\selenium-webdriver\lib\promise.js:668:7]]>
   </failure>
  </testcase>
  <testcase classname="Approve unapproved items" name="verify that user is able to search item with item name, alias, sku and vendor name" time="7.966">
   <failure type="exception" message="Failed: No element found using locator: by.model(&quot;searchParams.vendorId&quot;)"><![CDATA[NoSuchElementError: No element found using locator: by.model("searchParams.vendorId")
    at elementArrayFinder.getWebElements.then (C:\Users\sandy\AppData\Roaming\npm\node_modules\protractor\built\element.js:814:27)
    at ManagedPromise.invokeCallback_ (C:\Users\sandy\AppData\Roaming\npm\node_modules\protractor\node_modules\selenium-webdriver\lib\promise.js:1376:14)
    at TaskQueue.execute_ (C:\Users\sandy\AppData\Roaming\npm\node_modules\protractor\node_modules\selenium-webdriver\lib\promise.js:3084:14)
    at TaskQueue.executeNext_ (C:\Users\sandy\AppData\Roaming\npm\node_modules\protractor\node_modules\selenium-webdriver\lib\promise.js:3067:27)
    at asyncRun (C:\Users\sandy\AppData\Roaming\npm\node_modules\protractor\node_modules\selenium-webdriver\lib\promise.js:2927:27)
    at C:\Users\sandy\AppData\Roaming\npm\node_modules\protractor\node_modules\selenium-webdriver\lib\promise.js:668:7
    at process._tickCallback (internal/process/next_tick.js:68:7)Error
    at ElementArrayFinder.applyAction_ (C:\Users\sandy\AppData\Roaming\npm\node_modules\protractor\built\element.js:459:27)
    at ElementArrayFinder.(anonymous function).args [as click] (C:\Users\sandy\AppData\Roaming\npm\node_modules\protractor\built\element.js:91:29)
    at ElementFinder.(anonymous function).args [as click] (C:\Users\sandy\AppData\Roaming\npm\node_modules\protractor\built\element.js:831:22)
    at UserContext.<anonymous> (F:\protractor\Hybrent3.1\Testcases\ApproveItem\Approveitem.js:60:78)
    at C:\Users\sandy\AppData\Roaming\npm\node_modules\protractor\node_modules\jasminewd2\index.js:112:25
    at new ManagedPromise (C:\Users\sandy\AppData\Roaming\npm\node_modules\protractor\node_modules\selenium-webdriver\lib\promise.js:1077:7)
    at ControlFlow.promise (C:\Users\sandy\AppData\Roaming\npm\node_modules\protractor\node_modules\selenium-webdriver\lib\promise.js:2505:12)
    at schedulerExecute (C:\Users\sandy\AppData\Roaming\npm\node_modules\protractor\node_modules\jasminewd2\index.js:95:18)
    at TaskQueue.execute_ (C:\Users\sandy\AppData\Roaming\npm\node_modules\protractor\node_modules\selenium-webdriver\lib\promise.js:3084:14)
    at TaskQueue.executeNext_ (C:\Users\sandy\AppData\Roaming\npm\node_modules\protractor\node_modules\selenium-webdriver\lib\promise.js:3067:27)
From: Task: Run it("verify that user is able to search item with item name, alias, sku and vendor name") in control flow
    at UserContext.<anonymous> (C:\Users\sandy\AppData\Roaming\npm\node_modules\protractor\node_modules\jasminewd2\index.js:94:19)
    at attempt (C:\Users\sandy\AppData\Roaming\npm\node_modules\protractor\node_modules\jasmine-core\lib\jasmine-core\jasmine.js:4297:26)
    at QueueRunner.run (C:\Users\sandy\AppData\Roaming\npm\node_modules\protractor\node_modules\jasmine-core\lib\jasmine-core\jasmine.js:4217:20)
    at runNext (C:\Users\sandy\AppData\Roaming\npm\node_modules\protractor\node_modules\jasmine-core\lib\jasmine-core\jasmine.js:4257:20)
    at C:\Users\sandy\AppData\Roaming\npm\node_modules\protractor\node_modules\jasmine-core\lib\jasmine-core\jasmine.js:4264:13
    at C:\Users\sandy\AppData\Roaming\npm\node_modules\protractor\node_modules\jasmine-core\lib\jasmine-core\jasmine.js:4172:9
    at C:\Users\sandy\AppData\Roaming\npm\node_modules\protractor\node_modules\jasminewd2\index.js:64:48
    at ControlFlow.emit (C:\Users\sandy\AppData\Roaming\npm\node_modules\protractor\node_modules\selenium-webdriver\lib\events.js:62:21)
    at ControlFlow.shutdown_ (C:\Users\sandy\AppData\Roaming\npm\node_modules\protractor\node_modules\selenium-webdriver\lib\promise.js:2674:10)
    at shutdownTask_.MicroTask (C:\Users\sandy\AppData\Roaming\npm\node_modules\protractor\node_modules\selenium-webdriver\lib\promise.js:2599:53)
From asynchronous test: 
Error
    at Suite.<anonymous> (F:\protractor\Hybrent3.1\Testcases\ApproveItem\Approveitem.js:37:3)
    at addSpecsToSuite (C:\Users\sandy\AppData\Roaming\npm\node_modules\protractor\node_modules\jasmine-core\lib\jasmine-core\jasmine.js:1107:25)
    at Env.describe (C:\Users\sandy\AppData\Roaming\npm\node_modules\protractor\node_modules\jasmine-core\lib\jasmine-core\jasmine.js:1074:7)
    at describe (C:\Users\sandy\AppData\Roaming\npm\node_modules\protractor\node_modules\jasmine-core\lib\jasmine-core\jasmine.js:4399:18)
    at Object.<anonymous> (F:\protractor\Hybrent3.1\Testcases\ApproveItem\Approveitem.js:2:1)
    at Module._compile (internal/modules/cjs/loader.js:778:30)
    at Object.Module._extensions..js (internal/modules/cjs/loader.js:789:10)
    at Module.load (internal/modules/cjs/loader.js:653:32)
    at tryModuleLoad (internal/modules/cjs/loader.js:593:12)]]>
   </failure>
  </testcase>
  <testcase classname="Approve unapproved items" name="Approve item after search" time="8.853">
   <failure type="exception" message="Failed: Wait timed out after 5021ms"><![CDATA[TimeoutError: Wait timed out after 5021ms
    at C:\Users\sandy\AppData\Roaming\npm\node_modules\protractor\node_modules\selenium-webdriver\lib\promise.js:2201:17
    at ManagedPromise.invokeCallback_ (C:\Users\sandy\AppData\Roaming\npm\node_modules\protractor\node_modules\selenium-webdriver\lib\promise.js:1376:14)
    at TaskQueue.execute_ (C:\Users\sandy\AppData\Roaming\npm\node_modules\protractor\node_modules\selenium-webdriver\lib\promise.js:3084:14)
    at TaskQueue.executeNext_ (C:\Users\sandy\AppData\Roaming\npm\node_modules\protractor\node_modules\selenium-webdriver\lib\promise.js:3067:27)
    at asyncRun (C:\Users\sandy\AppData\Roaming\npm\node_modules\protractor\node_modules\selenium-webdriver\lib\promise.js:2927:27)
    at C:\Users\sandy\AppData\Roaming\npm\node_modules\protractor\node_modules\selenium-webdriver\lib\promise.js:668:7
    at process._tickCallback (internal/process/next_tick.js:68:7)
From: Task: <anonymous wait>
    at scheduleWait (C:\Users\sandy\AppData\Roaming\npm\node_modules\protractor\node_modules\selenium-webdriver\lib\promise.js:2188:20)
    at ControlFlow.wait (C:\Users\sandy\AppData\Roaming\npm\node_modules\protractor\node_modules\selenium-webdriver\lib\promise.js:2517:12)
    at thenableWebDriverProxy.wait (C:\Users\sandy\AppData\Roaming\npm\node_modules\protractor\node_modules\selenium-webdriver\lib\webdriver.js:934:29)
    at run (C:\Users\sandy\AppData\Roaming\npm\node_modules\protractor\built\browser.js:59:33)
    at ProtractorBrowser.to.(anonymous function) [as wait] (C:\Users\sandy\AppData\Roaming\npm\node_modules\protractor\built\browser.js:67:16)
    at UserContext.<anonymous> (F:\protractor\Hybrent3.1\Testcases\ApproveItem\Approveitem.js:73:13)
    at C:\Users\sandy\AppData\Roaming\npm\node_modules\protractor\node_modules\jasminewd2\index.js:112:25
    at new ManagedPromise (C:\Users\sandy\AppData\Roaming\npm\node_modules\protractor\node_modules\selenium-webdriver\lib\promise.js:1077:7)
    at ControlFlow.promise (C:\Users\sandy\AppData\Roaming\npm\node_modules\protractor\node_modules\selenium-webdriver\lib\promise.js:2505:12)
    at schedulerExecute (C:\Users\sandy\AppData\Roaming\npm\node_modules\protractor\node_modules\jasminewd2\index.js:95:18)
From: Task: Run it("Approve item after search") in control flow
    at UserContext.<anonymous> (C:\Users\sandy\AppData\Roaming\npm\node_modules\protractor\node_modules\jasminewd2\index.js:94:19)
    at attempt (C:\Users\sandy\AppData\Roaming\npm\node_modules\protractor\node_modules\jasmine-core\lib\jasmine-core\jasmine.js:4297:26)
    at QueueRunner.run (C:\Users\sandy\AppData\Roaming\npm\node_modules\protractor\node_modules\jasmine-core\lib\jasmine-core\jasmine.js:4217:20)
    at runNext (C:\Users\sandy\AppData\Roaming\npm\node_modules\protractor\node_modules\jasmine-core\lib\jasmine-core\jasmine.js:4257:20)
    at C:\Users\sandy\AppData\Roaming\npm\node_modules\protractor\node_modules\jasmine-core\lib\jasmine-core\jasmine.js:4264:13
    at C:\Users\sandy\AppData\Roaming\npm\node_modules\protractor\node_modules\jasmine-core\lib\jasmine-core\jasmine.js:4172:9
    at C:\Users\sandy\AppData\Roaming\npm\node_modules\protractor\node_modules\jasminewd2\index.js:64:48
    at ControlFlow.emit (C:\Users\sandy\AppData\Roaming\npm\node_modules\protractor\node_modules\selenium-webdriver\lib\events.js:62:21)
    at ControlFlow.shutdown_ (C:\Users\sandy\AppData\Roaming\npm\node_modules\protractor\node_modules\selenium-webdriver\lib\promise.js:2674:10)
    at shutdownTask_.MicroTask (C:\Users\sandy\AppData\Roaming\npm\node_modules\protractor\node_modules\selenium-webdriver\lib\promise.js:2599:53)
From asynchronous test: 
Error
    at Suite.<anonymous> (F:\protractor\Hybrent3.1\Testcases\ApproveItem\Approveitem.js:68:3)
    at addSpecsToSuite (C:\Users\sandy\AppData\Roaming\npm\node_modules\protractor\node_modules\jasmine-core\lib\jasmine-core\jasmine.js:1107:25)
    at Env.describe (C:\Users\sandy\AppData\Roaming\npm\node_modules\protractor\node_modules\jasmine-core\lib\jasmine-core\jasmine.js:1074:7)
    at describe (C:\Users\sandy\AppData\Roaming\npm\node_modules\protractor\node_modules\jasmine-core\lib\jasmine-core\jasmine.js:4399:18)
    at Object.<anonymous> (F:\protractor\Hybrent3.1\Testcases\ApproveItem\Approveitem.js:2:1)
    at Module._compile (internal/modules/cjs/loader.js:778:30)
    at Object.Module._extensions..js (internal/modules/cjs/loader.js:789:10)
    at Module.load (internal/modules/cjs/loader.js:653:32)
    at tryModuleLoad (internal/modules/cjs/loader.js:593:12)]]>
   </failure>
  </testcase>
 </testsuite>
 <testsuite name="Hybrent Manage Inventory Module" timestamp="2019-11-25T14:08:37" hostname="localhost" time="35.554" errors="0" tests="7" skipped="0" disabled="0" failures="0">
  <testcase classname="Hybrent Manage Inventory Module" name="Manage Inventory page should open" time="4.395" />
[...]
    at C:\Users\sandy\AppData\Roaming\npm\node_modules\protractor\node_modules\selenium-webdriver\lib\promise.js:668:7]]>
   </failure>
  </testcase>
 </testsuite>
 <testsuite name="Stock Adjustment Notes" timestamp="2019-11-25T14:12:43" hostname="localhost" time="1.69" errors="0" tests="2" skipped="0" disabled="0" failures="0">
  <testcase classname="Stock Adjustment Notes" name="Open Stock Adjustment Notes module" time="1.573" />
  <testcase classname="Stock Adjustment Notes" name="verify that search and status filter appear on the page" time="0.116" />
 </testsuite>
 <testsuite name="UOU Management" timestamp="2019-11-25T14:12:44" hostname="localhost" time="1.399" errors="0" tests="3" skipped="0" disabled="0" failures="0">
  <testcase classname="UOU Management" name="Open UOU Management module" time="1.095" />
  <testcase classname="UOU Management" name="verify that search and status filter appear on the page" time="0.1" />
  <testcase classname="UOU Management" name="verify all consumption type appear under the consumption type dropdown" time="0.204" />
 </testsuite>
 <testsuite name="Utilities" timestamp="2019-11-25T14:12:46" hostname="localhost" time="39.918" errors="0" tests="15" skipped="0" disabled="0" failures="0">
  <testcase classname="Utilities" name="Open Utilities module" time="0.749" />
  <testcase classname="Utilities" name="verify that search filter appear on the utilities page" time="0.101" />
  <testcase classname="Utilities" name="search import facility utitilites by its name" time="2.732" />
  <testcase classname="Utilities" name="search import department utitilites by its name" time="2.939" />
  <testcase classname="Utilities" name="search import_inventories utitilites by its name" time="2.943" />
  <testcase classname="Utilities" name="search import_users utitilites by its name" time="2.891" />
  <testcase classname="Utilities" name="search syncmap_item utitilites by its name" time="3.299" />
  <testcase classname="Utilities" name="search template utitilites by its name" time="2.919" />
  <testcase classname="Utilities" name="search template utitilites by its name" time="3.102" />
  <testcase classname="Utilities" name="search Change_temp_owner utitilites by its name" time="3.083" />
  <testcase classname="Utilities" name="search Assign_remove_vendor_access utitilites by its name" time="3.046" />
  <testcase classname="Utilities" name="search Download_user_facilities_access utitilites by its name" time="3.054" />
  <testcase classname="Utilities" name="search Download_user_approval_access utitilites by its name" time="3.071" />
  <testcase classname="Utilities" name="search Assign_user_facility_access utitilites by its name" time="2.966" />
  <testcase classname="Utilities" name="search Remove_user_facility_access utitilites by its name" time="3.02" />
 </testsuite>
 <testsuite name="Vendors Account Setup module" timestamp="2019-11-25T14:13:26" hostname="localhost" time="9.448" errors="0" tests="4" skipped="0" disabled="0" failures="3">
  <testcase classname="Vendors Account Setup module" name="Open Vendors Account Setup module" time="0.513" />
  <testcase classname="Vendors Account Setup module" name="select vendor by select vendor list and verify the account number of user default facility" time="6.08">
   <failure type="exception" message="Failed: No element found using locator: by.buttonText(&quot;Select&quot;)"><![CDATA[NoSuchElementError: No element found using locator: by.buttonText("Select")
    at elementArrayFinder.getWebElements.then (C:\Users\sandy\AppData\Roaming\npm\node_modules\protractor\built\element.js:814:27)
    at ManagedPromise.invokeCallback_ (C:\Users\sandy\AppData\Roaming\npm\node_modules\protractor\node_modules\selenium-webdriver\lib\promise.js:1376:14)
    at TaskQueue.execute_ (C:\Users\sandy\AppData\Roaming\npm\node_modules\protractor\node_modules\selenium-webdriver\lib\promise.js:3084:14)
    at TaskQueue.executeNext_ (C:\Users\sandy\AppData\Roaming\npm\node_modules\protractor\node_modules\selenium-webdriver\lib\promise.js:3067:27)
    at asyncRun (C:\Users\sandy\AppData\Roaming\npm\node_modules\protractor\node_modules\selenium-webdriver\lib\promise.js:2927:27)
    at C:\Users\sandy\AppData\Roaming\npm\node_modules\protractor\node_modules\selenium-webdriver\lib\promise.js:668:7
    at process._tickCallback (internal/process/next_tick.js:68:7)Error
    at ElementArrayFinder.applyAction_ (C:\Users\sandy\AppData\Roaming\npm\node_modules\protractor\built\element.js:459:27)
    at ElementArrayFinder.(anonymous function).args [as click] (C:\Users\sandy\AppData\Roaming\npm\node_modules\protractor\built\element.js:91:29)
    at ElementFinder.(anonymous function).args [as click] (C:\Users\sandy\AppData\Roaming\npm\node_modules\protractor\built\element.js:831:22)
    at UserContext.<anonymous> (F:\protractor\Hybrent3.1\Testcases\Admin_section\Vendor_account_setup.js:22:38)
    at C:\Users\sandy\AppData\Roaming\npm\node_modules\protractor\node_modules\jasminewd2\index.js:112:25
    at new ManagedPromise (C:\Users\sandy\AppData\Roaming\npm\node_modules\protractor\node_modules\selenium-webdriver\lib\promise.js:1077:7)
    at ControlFlow.promise (C:\Users\sandy\AppData\Roaming\npm\node_modules\protractor\node_modules\selenium-webdriver\lib\promise.js:2505:12)
    at schedulerExecute (C:\Users\sandy\AppData\Roaming\npm\node_modules\protractor\node_modules\jasminewd2\index.js:95:18)
    at TaskQueue.execute_ (C:\Users\sandy\AppData\Roaming\npm\node_modules\protractor\node_modules\selenium-webdriver\lib\promise.js:3084:14)
    at TaskQueue.executeNext_ (C:\Users\sandy\AppData\Roaming\npm\node_modules\protractor\node_modules\selenium-webdriver\lib\promise.js:3067:27)
From: Task: Run it("select vendor by select vendor list and verify the account number of user default facility") in control flow
    at UserContext.<anonymous> (C:\Users\sandy\AppData\Roaming\npm\node_modules\protractor\node_modules\jasminewd2\index.js:94:19)
    at attempt (C:\Users\sandy\AppData\Roaming\npm\node_modules\protractor\node_modules\jasmine-core\lib\jasmine-core\jasmine.js:4297:26)
    at QueueRunner.run (C:\Users\sandy\AppData\Roaming\npm\node_modules\protractor\node_modules\jasmine-core\lib\jasmine-core\jasmine.js:4217:20)
    at runNext (C:\Users\sandy\AppData\Roaming\npm\node_modules\protractor\node_modules\jasmine-core\lib\jasmine-core\jasmine.js:4257:20)
    at C:\Users\sandy\AppData\Roaming\npm\node_modules\protractor\node_modules\jasmine-core\lib\jasmine-core\jasmine.js:4264:13
    at C:\Users\sandy\AppData\Roaming\npm\node_modules\protractor\node_modules\jasmine-core\lib\jasmine-core\jasmine.js:4172:9
    at C:\Users\sandy\AppData\Roaming\npm\node_modules\protractor\node_modules\jasminewd2\index.js:64:48
    at ControlFlow.emit (C:\Users\sandy\AppData\Roaming\npm\node_modules\protractor\node_modules\selenium-webdriver\lib\events.js:62:21)
    at ControlFlow.shutdown_ (C:\Users\sandy\AppData\Roaming\npm\node_modules\protractor\node_modules\selenium-webdriver\lib\promise.js:2674:10)
    at shutdownTask_.MicroTask (C:\Users\sandy\AppData\Roaming\npm\node_modules\protractor\node_modules\selenium-webdriver\lib\promise.js:2599:53)
From asynchronous test: 
Error
    at Suite.<anonymous> (F:\protractor\Hybrent3.1\Testcases\Admin_section\Vendor_account_setup.js:15:3)
    at addSpecsToSuite (C:\Users\sandy\AppData\Roaming\npm\node_modules\protractor\node_modules\jasmine-core\lib\jasmine-core\jasmine.js:1107:25)
    at Env.describe (C:\Users\sandy\AppData\Roaming\npm\node_modules\protractor\node_modules\jasmine-core\lib\jasmine-core\jasmine.js:1074:7)
    at describe (C:\Users\sandy\AppData\Roaming\npm\node_modules\protractor\node_modules\jasmine-core\lib\jasmine-core\jasmine.js:4399:18)
    at Object.<anonymous> (F:\protractor\Hybrent3.1\Testcases\Admin_section\Vendor_account_setup.js:1:1)
    at Module._compile (internal/modules/cjs/loader.js:778:30)
    at Object.Module._extensions..js (internal/modules/cjs/loader.js:789:10)
    at Module.load (internal/modules/cjs/loader.js:653:32)
    at tryModuleLoad (internal/modules/cjs/loader.js:593:12)]]>
   </failure>
  </testcase>
  <testcase classname="Vendors Account Setup module" name="verify that on clicking save button user get redirect to back page with updation toast message" time="0.333">
   <failure type="exception" message="Failed: No element found using locator: by.buttonText(&quot;Save&quot;)"><![CDATA[NoSuchElementError: No element found using locator: by.buttonText("Save")
    at elementArrayFinder.getWebElements.then (C:\Users\sandy\AppData\Roaming\npm\node_modules\protractor\built\element.js:814:27)
    at ManagedPromise.invokeCallback_ (C:\Users\sandy\AppData\Roaming\npm\node_modules\protractor\node_modules\selenium-webdriver\lib\promise.js:1376:14)
    at TaskQueue.execute_ (C:\Users\sandy\AppData\Roaming\npm\node_modules\protractor\node_modules\selenium-webdriver\lib\promise.js:3084:14)
    at TaskQueue.executeNext_ (C:\Users\sandy\AppData\Roaming\npm\node_modules\protractor\node_modules\selenium-webdriver\lib\promise.js:3067:27)
    at asyncRun (C:\Users\sandy\AppData\Roaming\npm\node_modules\protractor\node_modules\selenium-webdriver\lib\promise.js:2927:27)
    at C:\Users\sandy\AppData\Roaming\npm\node_modules\protractor\node_modules\selenium-webdriver\lib\promise.js:668:7
    at process._tickCallback (internal/process/next_tick.js:68:7)Error
    at ElementArrayFinder.applyAction_ (C:\Users\sandy\AppData\Roaming\npm\node_modules\protractor\built\element.js:459:27)
    at ElementArrayFinder.(anonymous function).args [as click] (C:\Users\sandy\AppData\Roaming\npm\node_modules\protractor\built\element.js:91:29)
    at ElementFinder.(anonymous function).args [as click] (C:\Users\sandy\AppData\Roaming\npm\node_modules\protractor\built\element.js:831:22)
    at UserContext.<anonymous> (F:\protractor\Hybrent3.1\Testcases\Admin_section\Vendor_account_setup.js:34:36)
    at C:\Users\sandy\AppData\Roaming\npm\node_modules\protractor\node_modules\jasminewd2\index.js:112:25
    at new ManagedPromise (C:\Users\sandy\AppData\Roaming\npm\node_modules\protractor\node_modules\selenium-webdriver\lib\promise.js:1077:7)
    at ControlFlow.promise (C:\Users\sandy\AppData\Roaming\npm\node_modules\protractor\node_modules\selenium-webdriver\lib\promise.js:2505:12)
    at schedulerExecute (C:\Users\sandy\AppData\Roaming\npm\node_modules\protractor\node_modules\jasminewd2\index.js:95:18)
    at TaskQueue.execute_ (C:\Users\sandy\AppData\Roaming\npm\node_modules\protractor\node_modules\selenium-webdriver\lib\promise.js:3084:14)
    at TaskQueue.executeNext_ (C:\Users\sandy\AppData\Roaming\npm\node_modules\protractor\node_modules\selenium-webdriver\lib\promise.js:3067:27)
From: Task: Run it("verify that on clicking save button user get redirect to back page with updation toast message") in control flow
    at UserContext.<anonymous> (C:\Users\sandy\AppData\Roaming\npm\node_modules\protractor\node_modules\jasminewd2\index.js:94:19)
    at attempt (C:\Users\sandy\AppData\Roaming\npm\node_modules\protractor\node_modules\jasmine-core\lib\jasmine-core\jasmine.js:4297:26)
    at QueueRunner.run (C:\Users\sandy\AppData\Roaming\npm\node_modules\protractor\node_modules\jasmine-core\lib\jasmine-core\jasmine.js:4217:20)
    at runNext (C:\Users\sandy\AppData\Roaming\npm\node_modules\protractor\node_modules\jasmine-core\lib\jasmine-core\jasmine.js:4257:20)
    at C:\Users\sandy\AppData\Roaming\npm\node_modules\protractor\node_modules\jasmine-core\lib\jasmine-core\jasmine.js:4264:13
    at C:\Users\sandy\AppData\Roaming\npm\node_modules\protractor\node_modules\jasmine-core\lib\jasmine-core\jasmine.js:4172:9
    at C:\Users\sandy\AppData\Roaming\npm\node_modules\protractor\node_modules\jasminewd2\index.js:64:48
    at ControlFlow.emit (C:\Users\sandy\AppData\Roaming\npm\node_modules\protractor\node_modules\selenium-webdriver\lib\events.js:62:21)
    at ControlFlow.shutdown_ (C:\Users\sandy\AppData\Roaming\npm\node_modules\protractor\node_modules\selenium-webdriver\lib\promise.js:2674:10)
    at shutdownTask_.MicroTask (C:\Users\sandy\AppData\Roaming\npm\node_modules\protractor\node_modules\selenium-webdriver\lib\promise.js:2599:53)
From asynchronous test: 
Error
    at Suite.<anonymous> (F:\protractor\Hybrent3.1\Testcases\Admin_section\Vendor_account_setup.js:33:3)
    at addSpecsToSuite (C:\Users\sandy\AppData\Roaming\npm\node_modules\protractor\node_modules\jasmine-core\lib\jasmine-core\jasmine.js:1107:25)
    at Env.describe (C:\Users\sandy\AppData\Roaming\npm\node_modules\protractor\node_modules\jasmine-core\lib\jasmine-core\jasmine.js:1074:7)
    at describe (C:\Users\sandy\AppData\Roaming\npm\node_modules\protractor\node_modules\jasmine-core\lib\jasmine-core\jasmine.js:4399:18)
    at Object.<anonymous> (F:\protractor\Hybrent3.1\Testcases\Admin_section\Vendor_account_setup.js:1:1)
    at Module._compile (internal/modules/cjs/loader.js:778:30)
    at Object.Module._extensions..js (internal/modules/cjs/loader.js:789:10)
    at Module.load (internal/modules/cjs/loader.js:653:32)
    at tryModuleLoad (internal/modules/cjs/loader.js:593:12)]]>
   </failure>
  </testcase>
  <testcase classname="Vendors Account Setup module" name="Verify that on clicking close button user get redirect to Dashboard page" time="2.521">
   <failure type="toEqual" message="Expected &apos;Vendors Account Setup&apos; to equal &apos;Dashboard&apos;."><![CDATA[Error: Failed expectation
    at UserContext.<anonymous> (F:\protractor\Hybrent3.1\Testcases\Admin_section\Vendor_account_setup.js:42:32)
    at C:\Users\sandy\AppData\Roaming\npm\node_modules\protractor\node_modules\jasminewd2\index.js:112:25
    at new ManagedPromise (C:\Users\sandy\AppData\Roaming\npm\node_modules\protractor\node_modules\selenium-webdriver\lib\promise.js:1077:7)
    at ControlFlow.promise (C:\Users\sandy\AppData\Roaming\npm\node_modules\protractor\node_modules\selenium-webdriver\lib\promise.js:2505:12)
    at schedulerExecute (C:\Users\sandy\AppData\Roaming\npm\node_modules\protractor\node_modules\jasminewd2\index.js:95:18)
    at TaskQueue.execute_ (C:\Users\sandy\AppData\Roaming\npm\node_modules\protractor\node_modules\selenium-webdriver\lib\promise.js:3084:14)
    at TaskQueue.executeNext_ (C:\Users\sandy\AppData\Roaming\npm\node_modules\protractor\node_modules\selenium-webdriver\lib\promise.js:3067:27)
    at asyncRun (C:\Users\sandy\AppData\Roaming\npm\node_modules\protractor\node_modules\selenium-webdriver\lib\promise.js:2974:25)
    at C:\Users\sandy\AppData\Roaming\npm\node_modules\protractor\node_modules\selenium-webdriver\lib\promise.js:668:7]]>
   </failure>
  </testcase>
 </testsuite>
 <testsuite name="Vendor module" timestamp="2019-11-25T14:13:35" hostname="localhost" time="6.3" errors="0" tests="3" skipped="0" disabled="0" failures="1">
  <testcase classname="Vendor module" name="Open vendor module" time="1.531" />
  <testcase classname="Vendor module" name="verify that search filter appear on the vendor listing page" time="0.108" />
  <testcase classname="Vendor module" name="search vendor by vendor name" time="4.661">
   <failure type="exception" message="Failed: No element found using locator: by.repeater(&quot;VendorData in VendorDatas&quot;)"><![CDATA[NoSuchElementError: No element found using locator: by.repeater("VendorData in VendorDatas")
    at elementArrayFinder.getWebElements.then (C:\Users\sandy\AppData\Roaming\npm\node_modules\protractor\built\element.js:814:27)
    at ManagedPromise.invokeCallback_ (C:\Users\sandy\AppData\Roaming\npm\node_modules\protractor\node_modules\selenium-webdriver\lib\promise.js:1376:14)
    at TaskQueue.execute_ (C:\Users\sandy\AppData\Roaming\npm\node_modules\protractor\node_modules\selenium-webdriver\lib\promise.js:3084:14)
    at TaskQueue.executeNext_ (C:\Users\sandy\AppData\Roaming\npm\node_modules\protractor\node_modules\selenium-webdriver\lib\promise.js:3067:27)
    at asyncRun (C:\Users\sandy\AppData\Roaming\npm\node_modules\protractor\node_modules\selenium-webdriver\lib\promise.js:2927:27)
    at C:\Users\sandy\AppData\Roaming\npm\node_modules\protractor\node_modules\selenium-webdriver\lib\promise.js:668:7
    at process._tickCallback (internal/process/next_tick.js:68:7)Error
    at ElementArrayFinder.applyAction_ (C:\Users\sandy\AppData\Roaming\npm\node_modules\protractor\built\element.js:459:27)
    at ElementArrayFinder.(anonymous function).args [as getText] (C:\Users\sandy\AppData\Roaming\npm\node_modules\protractor\built\element.js:91:29)
    at ElementFinder.(anonymous function).args [as getText] (C:\Users\sandy\AppData\Roaming\npm\node_modules\protractor\built\element.js:831:22)
    at UserContext.<anonymous> (F:\protractor\Hybrent3.1\Testcases\Admin_section\Vendor.js:25:62)
    at C:\Users\sandy\AppData\Roaming\npm\node_modules\protractor\node_modules\jasminewd2\index.js:112:25
    at new ManagedPromise (C:\Users\sandy\AppData\Roaming\npm\node_modules\protractor\node_modules\selenium-webdriver\lib\promise.js:1077:7)
    at ControlFlow.promise (C:\Users\sandy\AppData\Roaming\npm\node_modules\protractor\node_modules\selenium-webdriver\lib\promise.js:2505:12)
    at schedulerExecute (C:\Users\sandy\AppData\Roaming\npm\node_modules\protractor\node_modules\jasminewd2\index.js:95:18)
    at TaskQueue.execute_ (C:\Users\sandy\AppData\Roaming\npm\node_modules\protractor\node_modules\selenium-webdriver\lib\promise.js:3084:14)
    at TaskQueue.executeNext_ (C:\Users\sandy\AppData\Roaming\npm\node_modules\protractor\node_modules\selenium-webdriver\lib\promise.js:3067:27)
From: Task: Run it("search vendor by vendor name") in control flow
    at UserContext.<anonymous> (C:\Users\sandy\AppData\Roaming\npm\node_modules\protractor\node_modules\jasminewd2\index.js:94:19)
    at attempt (C:\Users\sandy\AppData\Roaming\npm\node_modules\protractor\node_modules\jasmine-core\lib\jasmine-core\jasmine.js:4297:26)
    at QueueRunner.run (C:\Users\sandy\AppData\Roaming\npm\node_modules\protractor\node_modules\jasmine-core\lib\jasmine-core\jasmine.js:4217:20)
    at runNext (C:\Users\sandy\AppData\Roaming\npm\node_modules\protractor\node_modules\jasmine-core\lib\jasmine-core\jasmine.js:4257:20)
    at C:\Users\sandy\AppData\Roaming\npm\node_modules\protractor\node_modules\jasmine-core\lib\jasmine-core\jasmine.js:4264:13
    at C:\Users\sandy\AppData\Roaming\npm\node_modules\protractor\node_modules\jasmine-core\lib\jasmine-core\jasmine.js:4172:9
    at C:\Users\sandy\AppData\Roaming\npm\node_modules\protractor\node_modules\jasminewd2\index.js:64:48
    at ControlFlow.emit (C:\Users\sandy\AppData\Roaming\npm\node_modules\protractor\node_modules\selenium-webdriver\lib\events.js:62:21)
    at ControlFlow.shutdown_ (C:\Users\sandy\AppData\Roaming\npm\node_modules\protractor\node_modules\selenium-webdriver\lib\promise.js:2674:10)
    at shutdownTask_.MicroTask (C:\Users\sandy\AppData\Roaming\npm\node_modules\protractor\node_modules\selenium-webdriver\lib\promise.js:2599:53)
From asynchronous test: 
Error
    at Suite.<anonymous> (F:\protractor\Hybrent3.1\Testcases\Admin_section\Vendor.js:20:3)
    at addSpecsToSuite (C:\Users\sandy\AppData\Roaming\npm\node_modules\protractor\node_modules\jasmine-core\lib\jasmine-core\jasmine.js:1107:25)
    at Env.describe (C:\Users\sandy\AppData\Roaming\npm\node_modules\protractor\node_modules\jasmine-core\lib\jasmine-core\jasmine.js:1074:7)
    at describe (C:\Users\sandy\AppData\Roaming\npm\node_modules\protractor\node_modules\jasmine-core\lib\jasmine-core\jasmine.js:4399:18)
    at Object.<anonymous> (F:\protractor\Hybrent3.1\Testcases\Admin_section\Vendor.js:1:1)
    at Module._compile (internal/modules/cjs/loader.js:778:30)
    at Object.Module._extensions..js (internal/modules/cjs/loader.js:789:10)
    at Module.load (internal/modules/cjs/loader.js:653:32)
    at tryModuleLoad (internal/modules/cjs/loader.js:593:12)]]>
   </failure>
  </testcase>
 </testsuite>
</testsuites>